[2024-07-02 23:11:41,534] WARN Session 0x10000aecf5f0001 for server localhost/[0:0:0:0:0:0:0:1]:2181, Closing socket connection. Attempting reconnect except it is a SessionExpiredException. (org.apache.zookeeper.ClientCnxn)
java.net.SocketException: Connection reset
	at java.base/sun.nio.ch.SocketChannelImpl.throwConnectionReset(SocketChannelImpl.java:403)
	at java.base/sun.nio.ch.SocketChannelImpl.implRead(SocketChannelImpl.java:435)
	at java.base/sun.nio.ch.SocketChannelImpl.read(SocketChannelImpl.java:493)
	at org.apache.zookeeper.ClientCnxnSocketNIO.doIO(ClientCnxnSocketNIO.java:74)
	at org.apache.zookeeper.ClientCnxnSocketNIO.doTransport(ClientCnxnSocketNIO.java:350)
	at org.apache.zookeeper.ClientCnxn$SendThread.run(ClientCnxn.java:1289)
[2024-07-02 23:17:57,265] INFO Reading configuration from: ../config/zookeeper.properties (org.apache.zookeeper.server.quorum.QuorumPeerConfig)
[2024-07-02 23:17:57,265] WARN ..\config\zookeeper.properties is relative. Prepend .\ to indicate that you're sure! (org.apache.zookeeper.server.quorum.QuorumPeerConfig)
[2024-07-02 23:17:57,267] INFO clientPortAddress is 0.0.0.0:2181 (org.apache.zookeeper.server.quorum.QuorumPeerConfig)
[2024-07-02 23:17:57,267] INFO secureClientPort is not set (org.apache.zookeeper.server.quorum.QuorumPeerConfig)
[2024-07-02 23:17:57,267] INFO observerMasterPort is not set (org.apache.zookeeper.server.quorum.QuorumPeerConfig)
[2024-07-02 23:17:57,267] INFO metricsProvider.className is org.apache.zookeeper.metrics.impl.DefaultMetricsProvider (org.apache.zookeeper.server.quorum.QuorumPeerConfig)
[2024-07-02 23:17:57,268] INFO autopurge.snapRetainCount set to 3 (org.apache.zookeeper.server.DatadirCleanupManager)
[2024-07-02 23:17:57,268] INFO autopurge.purgeInterval set to 0 (org.apache.zookeeper.server.DatadirCleanupManager)
[2024-07-02 23:17:57,268] INFO Purge task is not scheduled. (org.apache.zookeeper.server.DatadirCleanupManager)
[2024-07-02 23:17:57,268] WARN Either no config or no quorum defined in config, running in standalone mode (org.apache.zookeeper.server.quorum.QuorumPeerMain)
[2024-07-02 23:17:57,269] INFO Log4j 1.2 jmx support not found; jmx disabled. (org.apache.zookeeper.jmx.ManagedUtil)
[2024-07-02 23:17:57,269] INFO Reading configuration from: ../config/zookeeper.properties (org.apache.zookeeper.server.quorum.QuorumPeerConfig)
[2024-07-02 23:17:57,269] WARN ..\config\zookeeper.properties is relative. Prepend .\ to indicate that you're sure! (org.apache.zookeeper.server.quorum.QuorumPeerConfig)
[2024-07-02 23:17:57,270] INFO clientPortAddress is 0.0.0.0:2181 (org.apache.zookeeper.server.quorum.QuorumPeerConfig)
[2024-07-02 23:17:57,270] INFO secureClientPort is not set (org.apache.zookeeper.server.quorum.QuorumPeerConfig)
[2024-07-02 23:17:57,270] INFO observerMasterPort is not set (org.apache.zookeeper.server.quorum.QuorumPeerConfig)
[2024-07-02 23:17:57,270] INFO metricsProvider.className is org.apache.zookeeper.metrics.impl.DefaultMetricsProvider (org.apache.zookeeper.server.quorum.QuorumPeerConfig)
[2024-07-02 23:17:57,270] INFO Starting server (org.apache.zookeeper.server.ZooKeeperServerMain)
[2024-07-02 23:17:57,278] INFO ServerMetrics initialized with provider org.apache.zookeeper.metrics.impl.DefaultMetricsProvider@7ce3cb8e (org.apache.zookeeper.server.ServerMetrics)
[2024-07-02 23:17:57,279] INFO ACL digest algorithm is: SHA1 (org.apache.zookeeper.server.auth.DigestAuthenticationProvider)
[2024-07-02 23:17:57,280] INFO zookeeper.DigestAuthenticationProvider.enabled = true (org.apache.zookeeper.server.auth.DigestAuthenticationProvider)
[2024-07-02 23:17:57,281] INFO zookeeper.snapshot.trust.empty : false (org.apache.zookeeper.server.persistence.FileTxnSnapLog)
[2024-07-02 23:17:57,287] INFO  (org.apache.zookeeper.server.ZooKeeperServer)
[2024-07-02 23:17:57,287] INFO   ______                  _                                           (org.apache.zookeeper.server.ZooKeeperServer)
[2024-07-02 23:17:57,287] INFO  |___  /                 | |                                          (org.apache.zookeeper.server.ZooKeeperServer)
[2024-07-02 23:17:57,287] INFO     / /    ___     ___   | | __   ___    ___   _ __     ___   _ __    (org.apache.zookeeper.server.ZooKeeperServer)
[2024-07-02 23:17:57,287] INFO    / /    / _ \   / _ \  | |/ /  / _ \  / _ \ | '_ \   / _ \ | '__| (org.apache.zookeeper.server.ZooKeeperServer)
[2024-07-02 23:17:57,287] INFO   / /__  | (_) | | (_) | |   <  |  __/ |  __/ | |_) | |  __/ | |     (org.apache.zookeeper.server.ZooKeeperServer)
[2024-07-02 23:17:57,287] INFO  /_____|  \___/   \___/  |_|\_\  \___|  \___| | .__/   \___| |_| (org.apache.zookeeper.server.ZooKeeperServer)
[2024-07-02 23:17:57,287] INFO                                               | |                      (org.apache.zookeeper.server.ZooKeeperServer)
[2024-07-02 23:17:57,287] INFO                                               |_|                      (org.apache.zookeeper.server.ZooKeeperServer)
[2024-07-02 23:17:57,287] INFO  (org.apache.zookeeper.server.ZooKeeperServer)
[2024-07-02 23:17:57,290] INFO Server environment:zookeeper.version=3.8.3-6ad6d364c7c0bcf0de452d54ebefa3058098ab56, built on 2023-10-05 10:34 UTC (org.apache.zookeeper.server.ZooKeeperServer)
[2024-07-02 23:17:57,290] INFO Server environment:host.name=Dzwiedziu (org.apache.zookeeper.server.ZooKeeperServer)
[2024-07-02 23:17:57,290] INFO Server environment:java.version=22.0.1 (org.apache.zookeeper.server.ZooKeeperServer)
[2024-07-02 23:17:57,290] INFO Server environment:java.vendor=Oracle Corporation (org.apache.zookeeper.server.ZooKeeperServer)
[2024-07-02 23:17:57,290] INFO Server environment:java.home=C:\Program Files\Java\jdk-22 (org.apache.zookeeper.server.ZooKeeperServer)
[2024-07-02 23:17:57,290] INFO Server environment:java.class.path=C:\tools\kafka_2.13-3.7.0\libs\activation-1.1.1.jar;C:\tools\kafka_2.13-3.7.0\libs\aopalliance-repackaged-2.6.1.jar;C:\tools\kafka_2.13-3.7.0\libs\argparse4j-0.7.0.jar;C:\tools\kafka_2.13-3.7.0\libs\audience-annotations-0.12.0.jar;C:\tools\kafka_2.13-3.7.0\libs\caffeine-2.9.3.jar;C:\tools\kafka_2.13-3.7.0\libs\checker-qual-3.19.0.jar;C:\tools\kafka_2.13-3.7.0\libs\commons-beanutils-1.9.4.jar;C:\tools\kafka_2.13-3.7.0\libs\commons-cli-1.4.jar;C:\tools\kafka_2.13-3.7.0\libs\commons-collections-3.2.2.jar;C:\tools\kafka_2.13-3.7.0\libs\commons-digester-2.1.jar;C:\tools\kafka_2.13-3.7.0\libs\commons-io-2.11.0.jar;C:\tools\kafka_2.13-3.7.0\libs\commons-lang3-3.8.1.jar;C:\tools\kafka_2.13-3.7.0\libs\commons-logging-1.2.jar;C:\tools\kafka_2.13-3.7.0\libs\commons-validator-1.7.jar;C:\tools\kafka_2.13-3.7.0\libs\connect-api-3.7.0.jar;C:\tools\kafka_2.13-3.7.0\libs\connect-basic-auth-extension-3.7.0.jar;C:\tools\kafka_2.13-3.7.0\libs\connect-file-3.7.0.jar;C:\tools\kafka_2.13-3.7.0\libs\connect-json-3.7.0.jar;C:\tools\kafka_2.13-3.7.0\libs\connect-mirror-3.7.0.jar;C:\tools\kafka_2.13-3.7.0\libs\connect-mirror-client-3.7.0.jar;C:\tools\kafka_2.13-3.7.0\libs\connect-runtime-3.7.0.jar;C:\tools\kafka_2.13-3.7.0\libs\connect-transforms-3.7.0.jar;C:\tools\kafka_2.13-3.7.0\libs\error_prone_annotations-2.10.0.jar;C:\tools\kafka_2.13-3.7.0\libs\hk2-api-2.6.1.jar;C:\tools\kafka_2.13-3.7.0\libs\hk2-locator-2.6.1.jar;C:\tools\kafka_2.13-3.7.0\libs\hk2-utils-2.6.1.jar;C:\tools\kafka_2.13-3.7.0\libs\jackson-annotations-2.16.0.jar;C:\tools\kafka_2.13-3.7.0\libs\jackson-core-2.16.0.jar;C:\tools\kafka_2.13-3.7.0\libs\jackson-databind-2.16.0.jar;C:\tools\kafka_2.13-3.7.0\libs\jackson-dataformat-csv-2.16.0.jar;C:\tools\kafka_2.13-3.7.0\libs\jackson-datatype-jdk8-2.16.0.jar;C:\tools\kafka_2.13-3.7.0\libs\jackson-jaxrs-base-2.16.0.jar;C:\tools\kafka_2.13-3.7.0\libs\jackson-jaxrs-json-provider-2.16.0.jar;C:\tools\kafka_2.13-3.7.0\libs\jackson-module-jaxb-annotations-2.16.0.jar;C:\tools\kafka_2.13-3.7.0\libs\jackson-module-scala_2.13-2.16.0.jar;C:\tools\kafka_2.13-3.7.0\libs\jakarta.activation-api-1.2.2.jar;C:\tools\kafka_2.13-3.7.0\libs\jakarta.annotation-api-1.3.5.jar;C:\tools\kafka_2.13-3.7.0\libs\jakarta.inject-2.6.1.jar;C:\tools\kafka_2.13-3.7.0\libs\jakarta.validation-api-2.0.2.jar;C:\tools\kafka_2.13-3.7.0\libs\jakarta.ws.rs-api-2.1.6.jar;C:\tools\kafka_2.13-3.7.0\libs\jakarta.xml.bind-api-2.3.3.jar;C:\tools\kafka_2.13-3.7.0\libs\javassist-3.29.2-GA.jar;C:\tools\kafka_2.13-3.7.0\libs\javax.activation-api-1.2.0.jar;C:\tools\kafka_2.13-3.7.0\libs\javax.annotation-api-1.3.2.jar;C:\tools\kafka_2.13-3.7.0\libs\javax.servlet-api-3.1.0.jar;C:\tools\kafka_2.13-3.7.0\libs\javax.ws.rs-api-2.1.1.jar;C:\tools\kafka_2.13-3.7.0\libs\jaxb-api-2.3.1.jar;C:\tools\kafka_2.13-3.7.0\libs\jersey-client-2.39.1.jar;C:\tools\kafka_2.13-3.7.0\libs\jersey-common-2.39.1.jar;C:\tools\kafka_2.13-3.7.0\libs\jersey-container-servlet-2.39.1.jar;C:\tools\kafka_2.13-3.7.0\libs\jersey-container-servlet-core-2.39.1.jar;C:\tools\kafka_2.13-3.7.0\libs\jersey-hk2-2.39.1.jar;C:\tools\kafka_2.13-3.7.0\libs\jersey-server-2.39.1.jar;C:\tools\kafka_2.13-3.7.0\libs\jetty-client-9.4.53.v20231009.jar;C:\tools\kafka_2.13-3.7.0\libs\jetty-continuation-9.4.53.v20231009.jar;C:\tools\kafka_2.13-3.7.0\libs\jetty-http-9.4.53.v20231009.jar;C:\tools\kafka_2.13-3.7.0\libs\jetty-io-9.4.53.v20231009.jar;C:\tools\kafka_2.13-3.7.0\libs\jetty-security-9.4.53.v20231009.jar;C:\tools\kafka_2.13-3.7.0\libs\jetty-server-9.4.53.v20231009.jar;C:\tools\kafka_2.13-3.7.0\libs\jetty-servlet-9.4.53.v20231009.jar;C:\tools\kafka_2.13-3.7.0\libs\jetty-servlets-9.4.53.v20231009.jar;C:\tools\kafka_2.13-3.7.0\libs\jetty-util-9.4.53.v20231009.jar;C:\tools\kafka_2.13-3.7.0\libs\jetty-util-ajax-9.4.53.v20231009.jar;C:\tools\kafka_2.13-3.7.0\libs\jline-3.22.0.jar;C:\tools\kafka_2.13-3.7.0\libs\jopt-simple-5.0.4.jar;C:\tools\kafka_2.13-3.7.0\libs\jose4j-0.9.4.jar;C:\tools\kafka_2.13-3.7.0\libs\jsr305-3.0.2.jar;C:\tools\kafka_2.13-3.7.0\libs\kafka-clients-3.7.0.jar;C:\tools\kafka_2.13-3.7.0\libs\kafka-group-coordinator-3.7.0.jar;C:\tools\kafka_2.13-3.7.0\libs\kafka-log4j-appender-3.7.0.jar;C:\tools\kafka_2.13-3.7.0\libs\kafka-metadata-3.7.0.jar;C:\tools\kafka_2.13-3.7.0\libs\kafka-raft-3.7.0.jar;C:\tools\kafka_2.13-3.7.0\libs\kafka-server-3.7.0.jar;C:\tools\kafka_2.13-3.7.0\libs\kafka-server-common-3.7.0.jar;C:\tools\kafka_2.13-3.7.0\libs\kafka-shell-3.7.0.jar;C:\tools\kafka_2.13-3.7.0\libs\kafka-storage-3.7.0.jar;C:\tools\kafka_2.13-3.7.0\libs\kafka-storage-api-3.7.0.jar;C:\tools\kafka_2.13-3.7.0\libs\kafka-streams-3.7.0.jar;C:\tools\kafka_2.13-3.7.0\libs\kafka-streams-examples-3.7.0.jar;C:\tools\kafka_2.13-3.7.0\libs\kafka-streams-scala_2.13-3.7.0.jar;C:\tools\kafka_2.13-3.7.0\libs\kafka-streams-test-utils-3.7.0.jar;C:\tools\kafka_2.13-3.7.0\libs\kafka-tools-3.7.0.jar;C:\tools\kafka_2.13-3.7.0\libs\kafka-tools-api-3.7.0.jar;C:\tools\kafka_2.13-3.7.0\libs\kafka_2.13-3.7.0.jar;C:\tools\kafka_2.13-3.7.0\libs\lz4-java-1.8.0.jar;C:\tools\kafka_2.13-3.7.0\libs\maven-artifact-3.8.8.jar;C:\tools\kafka_2.13-3.7.0\libs\metrics-core-2.2.0.jar;C:\tools\kafka_2.13-3.7.0\libs\metrics-core-4.1.12.1.jar;C:\tools\kafka_2.13-3.7.0\libs\netty-buffer-4.1.100.Final.jar;C:\tools\kafka_2.13-3.7.0\libs\netty-codec-4.1.100.Final.jar;C:\tools\kafka_2.13-3.7.0\libs\netty-common-4.1.100.Final.jar;C:\tools\kafka_2.13-3.7.0\libs\netty-handler-4.1.100.Final.jar;C:\tools\kafka_2.13-3.7.0\libs\netty-resolver-4.1.100.Final.jar;C:\tools\kafka_2.13-3.7.0\libs\netty-transport-4.1.100.Final.jar;C:\tools\kafka_2.13-3.7.0\libs\netty-transport-classes-epoll-4.1.100.Final.jar;C:\tools\kafka_2.13-3.7.0\libs\netty-transport-native-epoll-4.1.100.Final.jar;C:\tools\kafka_2.13-3.7.0\libs\netty-transport-native-unix-common-4.1.100.Final.jar;C:\tools\kafka_2.13-3.7.0\libs\opentelemetry-proto-1.0.0-alpha.jar;C:\tools\kafka_2.13-3.7.0\libs\osgi-resource-locator-1.0.3.jar;C:\tools\kafka_2.13-3.7.0\libs\paranamer-2.8.jar;C:\tools\kafka_2.13-3.7.0\libs\pcollections-4.0.1.jar;C:\tools\kafka_2.13-3.7.0\libs\plexus-utils-3.3.1.jar;C:\tools\kafka_2.13-3.7.0\libs\protobuf-java-3.23.4.jar;C:\tools\kafka_2.13-3.7.0\libs\reflections-0.10.2.jar;C:\tools\kafka_2.13-3.7.0\libs\reload4j-1.2.25.jar;C:\tools\kafka_2.13-3.7.0\libs\rocksdbjni-7.9.2.jar;C:\tools\kafka_2.13-3.7.0\libs\scala-collection-compat_2.13-2.10.0.jar;C:\tools\kafka_2.13-3.7.0\libs\scala-java8-compat_2.13-1.0.2.jar;C:\tools\kafka_2.13-3.7.0\libs\scala-library-2.13.12.jar;C:\tools\kafka_2.13-3.7.0\libs\scala-logging_2.13-3.9.4.jar;C:\tools\kafka_2.13-3.7.0\libs\scala-reflect-2.13.12.jar;C:\tools\kafka_2.13-3.7.0\libs\slf4j-api-1.7.36.jar;C:\tools\kafka_2.13-3.7.0\libs\slf4j-reload4j-1.7.36.jar;C:\tools\kafka_2.13-3.7.0\libs\snappy-java-1.1.10.5.jar;C:\tools\kafka_2.13-3.7.0\libs\swagger-annotations-2.2.8.jar;C:\tools\kafka_2.13-3.7.0\libs\trogdor-3.7.0.jar;C:\tools\kafka_2.13-3.7.0\libs\zookeeper-3.8.3.jar;C:\tools\kafka_2.13-3.7.0\libs\zookeeper-jute-3.8.3.jar;C:\tools\kafka_2.13-3.7.0\libs\zstd-jni-1.5.5-6.jar (org.apache.zookeeper.server.ZooKeeperServer)
[2024-07-02 23:17:57,291] INFO Server environment:java.library.path=C:\Program Files\Java\jdk-22\bin;C:\Windows\Sun\Java\bin;C:\Windows\system32;C:\Windows;C:\Program Files\Common Files\Oracle\Java\javapath;C:\Program Files (x86)\Common Files\Oracle\Java\java8path;C:\Program Files (x86)\Common Files\Oracle\Java\javapath;C:\Windows\system32;C:\Windows;C:\Windows\System32\Wbem;C:\Windows\System32\WindowsPowerShell\v1.0\;C:\Windows\System32\OpenSSH\;C:\Program Files\Microsoft SQL Server\150\Tools\Binn\;C:\Program Files\Microsoft SQL Server\Client SDK\ODBC\170\Tools\Binn\;C:\Program Files\dotnet\;C:\Users\niedz\AppData\Local\Microsoft\WindowsApps;C:\Users\niedz\.dotnet\tools;. (org.apache.zookeeper.server.ZooKeeperServer)
[2024-07-02 23:17:57,291] INFO Server environment:java.io.tmpdir=C:\Users\niedz\AppData\Local\Temp\ (org.apache.zookeeper.server.ZooKeeperServer)
[2024-07-02 23:17:57,291] INFO Server environment:java.compiler=<NA> (org.apache.zookeeper.server.ZooKeeperServer)
[2024-07-02 23:17:57,291] INFO Server environment:os.name=Windows 11 (org.apache.zookeeper.server.ZooKeeperServer)
[2024-07-02 23:17:57,291] INFO Server environment:os.arch=amd64 (org.apache.zookeeper.server.ZooKeeperServer)
[2024-07-02 23:17:57,292] INFO Server environment:os.version=10.0 (org.apache.zookeeper.server.ZooKeeperServer)
[2024-07-02 23:17:57,292] INFO Server environment:user.name=niedz (org.apache.zookeeper.server.ZooKeeperServer)
[2024-07-02 23:17:57,292] INFO Server environment:user.home=C:\Users\niedz (org.apache.zookeeper.server.ZooKeeperServer)
[2024-07-02 23:17:57,292] INFO Server environment:user.dir=C:\tools\kafka_2.13-3.7.0\example_start (org.apache.zookeeper.server.ZooKeeperServer)
[2024-07-02 23:17:57,292] INFO Server environment:os.memory.free=488MB (org.apache.zookeeper.server.ZooKeeperServer)
[2024-07-02 23:17:57,292] INFO Server environment:os.memory.max=512MB (org.apache.zookeeper.server.ZooKeeperServer)
[2024-07-02 23:17:57,292] INFO Server environment:os.memory.total=512MB (org.apache.zookeeper.server.ZooKeeperServer)
[2024-07-02 23:17:57,292] INFO zookeeper.enableEagerACLCheck = false (org.apache.zookeeper.server.ZooKeeperServer)
[2024-07-02 23:17:57,292] INFO zookeeper.digest.enabled = true (org.apache.zookeeper.server.ZooKeeperServer)
[2024-07-02 23:17:57,292] INFO zookeeper.closeSessionTxn.enabled = true (org.apache.zookeeper.server.ZooKeeperServer)
[2024-07-02 23:17:57,292] INFO zookeeper.flushDelay = 0 ms (org.apache.zookeeper.server.ZooKeeperServer)
[2024-07-02 23:17:57,292] INFO zookeeper.maxWriteQueuePollTime = 0 ms (org.apache.zookeeper.server.ZooKeeperServer)
[2024-07-02 23:17:57,292] INFO zookeeper.maxBatchSize=1000 (org.apache.zookeeper.server.ZooKeeperServer)
[2024-07-02 23:17:57,293] INFO zookeeper.intBufferStartingSizeBytes = 1024 (org.apache.zookeeper.server.ZooKeeperServer)
[2024-07-02 23:17:57,293] INFO Weighed connection throttling is disabled (org.apache.zookeeper.server.BlueThrottle)
[2024-07-02 23:17:57,294] INFO minSessionTimeout set to 6000 ms (org.apache.zookeeper.server.ZooKeeperServer)
[2024-07-02 23:17:57,294] INFO maxSessionTimeout set to 60000 ms (org.apache.zookeeper.server.ZooKeeperServer)
[2024-07-02 23:17:57,295] INFO getData response cache size is initialized with value 400. (org.apache.zookeeper.server.ResponseCache)
[2024-07-02 23:17:57,295] INFO getChildren response cache size is initialized with value 400. (org.apache.zookeeper.server.ResponseCache)
[2024-07-02 23:17:57,295] INFO zookeeper.pathStats.slotCapacity = 60 (org.apache.zookeeper.server.util.RequestPathMetricsCollector)
[2024-07-02 23:17:57,296] INFO zookeeper.pathStats.slotDuration = 15 (org.apache.zookeeper.server.util.RequestPathMetricsCollector)
[2024-07-02 23:17:57,296] INFO zookeeper.pathStats.maxDepth = 6 (org.apache.zookeeper.server.util.RequestPathMetricsCollector)
[2024-07-02 23:17:57,296] INFO zookeeper.pathStats.initialDelay = 5 (org.apache.zookeeper.server.util.RequestPathMetricsCollector)
[2024-07-02 23:17:57,296] INFO zookeeper.pathStats.delay = 5 (org.apache.zookeeper.server.util.RequestPathMetricsCollector)
[2024-07-02 23:17:57,296] INFO zookeeper.pathStats.enabled = false (org.apache.zookeeper.server.util.RequestPathMetricsCollector)
[2024-07-02 23:17:57,298] INFO The max bytes for all large requests are set to 104857600 (org.apache.zookeeper.server.ZooKeeperServer)
[2024-07-02 23:17:57,298] INFO The large request threshold is set to -1 (org.apache.zookeeper.server.ZooKeeperServer)
[2024-07-02 23:17:57,298] INFO zookeeper.enforce.auth.enabled = false (org.apache.zookeeper.server.AuthenticationHelper)
[2024-07-02 23:17:57,298] INFO zookeeper.enforce.auth.schemes = [] (org.apache.zookeeper.server.AuthenticationHelper)
[2024-07-02 23:17:57,298] INFO Created server with tickTime 3000 ms minSessionTimeout 6000 ms maxSessionTimeout 60000 ms clientPortListenBacklog -1 datadir C:\User\niedz\Desktop\data\zookeeper\version-2 snapdir C:\User\niedz\Desktop\data\zookeeper\version-2 (org.apache.zookeeper.server.ZooKeeperServer)
[2024-07-02 23:17:57,302] INFO Using org.apache.zookeeper.server.NIOServerCnxnFactory as server connection factory (org.apache.zookeeper.server.ServerCnxnFactory)
[2024-07-02 23:17:57,302] WARN maxCnxns is not configured, using default value 0. (org.apache.zookeeper.server.ServerCnxnFactory)
[2024-07-02 23:17:57,303] INFO Configuring NIO connection handler with 10s sessionless connection timeout, 2 selector thread(s), 32 worker threads, and 64 kB direct buffers. (org.apache.zookeeper.server.NIOServerCnxnFactory)
[2024-07-02 23:17:57,329] INFO binding to port 0.0.0.0/0.0.0.0:2181 (org.apache.zookeeper.server.NIOServerCnxnFactory)
[2024-07-02 23:17:57,339] INFO Using org.apache.zookeeper.server.watch.WatchManager as watch manager (org.apache.zookeeper.server.watch.WatchManagerFactory)
[2024-07-02 23:17:57,339] INFO Using org.apache.zookeeper.server.watch.WatchManager as watch manager (org.apache.zookeeper.server.watch.WatchManagerFactory)
[2024-07-02 23:17:57,339] INFO zookeeper.snapshotSizeFactor = 0.33 (org.apache.zookeeper.server.ZKDatabase)
[2024-07-02 23:17:57,339] INFO zookeeper.commitLogCount=500 (org.apache.zookeeper.server.ZKDatabase)
[2024-07-02 23:17:57,341] INFO zookeeper.snapshot.compression.method = CHECKED (org.apache.zookeeper.server.persistence.SnapStream)
[2024-07-02 23:17:57,341] INFO Reading snapshot C:\User\niedz\Desktop\data\zookeeper\version-2\snapshot.a1 (org.apache.zookeeper.server.persistence.FileSnap)
[2024-07-02 23:17:57,346] INFO The digest in the snapshot has digest version of 2, with zxid as 0xa1, and digest value as 309195345101 (org.apache.zookeeper.server.DataTree)
[2024-07-02 23:17:57,355] INFO ZooKeeper audit is disabled. (org.apache.zookeeper.audit.ZKAuditProvider)
[2024-07-02 23:17:57,359] INFO 30 txns loaded in 6 ms (org.apache.zookeeper.server.persistence.FileTxnSnapLog)
[2024-07-02 23:17:57,359] INFO Snapshot loaded in 20 ms, highest zxid is 0xbf, digest is 314522576606 (org.apache.zookeeper.server.ZKDatabase)
[2024-07-02 23:17:57,360] INFO Snapshotting: 0xbf to C:\User\niedz\Desktop\data\zookeeper\version-2\snapshot.bf (org.apache.zookeeper.server.persistence.FileTxnSnapLog)
[2024-07-02 23:17:57,362] INFO Snapshot taken in 2 ms (org.apache.zookeeper.server.ZooKeeperServer)
[2024-07-02 23:17:57,367] INFO PrepRequestProcessor (sid:0) started, reconfigEnabled=false (org.apache.zookeeper.server.PrepRequestProcessor)
[2024-07-02 23:17:57,367] INFO zookeeper.request_throttler.shutdownTimeout = 10000 ms (org.apache.zookeeper.server.RequestThrottler)
[2024-07-02 23:17:57,378] INFO Using checkIntervalMs=60000 maxPerMinute=10000 maxNeverUsedIntervalMs=0 (org.apache.zookeeper.server.ContainerManager)
[2024-07-02 23:18:17,153] INFO Expiring session 0x10000aecf5f0001, timeout of 18000ms exceeded (org.apache.zookeeper.server.ZooKeeperServer)
[2024-07-02 23:18:17,154] INFO Creating new log file: log.c0 (org.apache.zookeeper.server.persistence.FileTxnLog)
[2024-07-02 23:30:07,771] INFO Registered kafka:type=kafka.Log4jController MBean (kafka.utils.Log4jControllerRegistration$)
[2024-07-02 23:30:07,933] INFO Setting -D jdk.tls.rejectClientInitiatedRenegotiation=true to disable client-initiated TLS renegotiation (org.apache.zookeeper.common.X509Util)
[2024-07-02 23:30:07,981] INFO starting (kafka.server.KafkaServer)
[2024-07-02 23:30:07,981] INFO Connecting to zookeeper on localhost:2181 (kafka.server.KafkaServer)
[2024-07-02 23:30:07,989] INFO [ZooKeeperClient Kafka server] Initializing a new session to localhost:2181. (kafka.zookeeper.ZooKeeperClient)
[2024-07-02 23:30:07,994] INFO Client environment:zookeeper.version=3.8.3-6ad6d364c7c0bcf0de452d54ebefa3058098ab56, built on 2023-10-05 10:34 UTC (org.apache.zookeeper.ZooKeeper)
[2024-07-02 23:30:07,994] INFO Client environment:host.name=Dzwiedziu (org.apache.zookeeper.ZooKeeper)
[2024-07-02 23:30:07,994] INFO Client environment:java.version=22.0.1 (org.apache.zookeeper.ZooKeeper)
[2024-07-02 23:30:07,994] INFO Client environment:java.vendor=Oracle Corporation (org.apache.zookeeper.ZooKeeper)
[2024-07-02 23:30:07,994] INFO Client environment:java.home=C:\Program Files\Java\jdk-22 (org.apache.zookeeper.ZooKeeper)
[2024-07-02 23:30:07,994] INFO Client environment:java.class.path=C:\tools\kafka_2.13-3.7.0\libs\activation-1.1.1.jar;C:\tools\kafka_2.13-3.7.0\libs\aopalliance-repackaged-2.6.1.jar;C:\tools\kafka_2.13-3.7.0\libs\argparse4j-0.7.0.jar;C:\tools\kafka_2.13-3.7.0\libs\audience-annotations-0.12.0.jar;C:\tools\kafka_2.13-3.7.0\libs\caffeine-2.9.3.jar;C:\tools\kafka_2.13-3.7.0\libs\checker-qual-3.19.0.jar;C:\tools\kafka_2.13-3.7.0\libs\commons-beanutils-1.9.4.jar;C:\tools\kafka_2.13-3.7.0\libs\commons-cli-1.4.jar;C:\tools\kafka_2.13-3.7.0\libs\commons-collections-3.2.2.jar;C:\tools\kafka_2.13-3.7.0\libs\commons-digester-2.1.jar;C:\tools\kafka_2.13-3.7.0\libs\commons-io-2.11.0.jar;C:\tools\kafka_2.13-3.7.0\libs\commons-lang3-3.8.1.jar;C:\tools\kafka_2.13-3.7.0\libs\commons-logging-1.2.jar;C:\tools\kafka_2.13-3.7.0\libs\commons-validator-1.7.jar;C:\tools\kafka_2.13-3.7.0\libs\connect-api-3.7.0.jar;C:\tools\kafka_2.13-3.7.0\libs\connect-basic-auth-extension-3.7.0.jar;C:\tools\kafka_2.13-3.7.0\libs\connect-file-3.7.0.jar;C:\tools\kafka_2.13-3.7.0\libs\connect-json-3.7.0.jar;C:\tools\kafka_2.13-3.7.0\libs\connect-mirror-3.7.0.jar;C:\tools\kafka_2.13-3.7.0\libs\connect-mirror-client-3.7.0.jar;C:\tools\kafka_2.13-3.7.0\libs\connect-runtime-3.7.0.jar;C:\tools\kafka_2.13-3.7.0\libs\connect-transforms-3.7.0.jar;C:\tools\kafka_2.13-3.7.0\libs\error_prone_annotations-2.10.0.jar;C:\tools\kafka_2.13-3.7.0\libs\hk2-api-2.6.1.jar;C:\tools\kafka_2.13-3.7.0\libs\hk2-locator-2.6.1.jar;C:\tools\kafka_2.13-3.7.0\libs\hk2-utils-2.6.1.jar;C:\tools\kafka_2.13-3.7.0\libs\jackson-annotations-2.16.0.jar;C:\tools\kafka_2.13-3.7.0\libs\jackson-core-2.16.0.jar;C:\tools\kafka_2.13-3.7.0\libs\jackson-databind-2.16.0.jar;C:\tools\kafka_2.13-3.7.0\libs\jackson-dataformat-csv-2.16.0.jar;C:\tools\kafka_2.13-3.7.0\libs\jackson-datatype-jdk8-2.16.0.jar;C:\tools\kafka_2.13-3.7.0\libs\jackson-jaxrs-base-2.16.0.jar;C:\tools\kafka_2.13-3.7.0\libs\jackson-jaxrs-json-provider-2.16.0.jar;C:\tools\kafka_2.13-3.7.0\libs\jackson-module-jaxb-annotations-2.16.0.jar;C:\tools\kafka_2.13-3.7.0\libs\jackson-module-scala_2.13-2.16.0.jar;C:\tools\kafka_2.13-3.7.0\libs\jakarta.activation-api-1.2.2.jar;C:\tools\kafka_2.13-3.7.0\libs\jakarta.annotation-api-1.3.5.jar;C:\tools\kafka_2.13-3.7.0\libs\jakarta.inject-2.6.1.jar;C:\tools\kafka_2.13-3.7.0\libs\jakarta.validation-api-2.0.2.jar;C:\tools\kafka_2.13-3.7.0\libs\jakarta.ws.rs-api-2.1.6.jar;C:\tools\kafka_2.13-3.7.0\libs\jakarta.xml.bind-api-2.3.3.jar;C:\tools\kafka_2.13-3.7.0\libs\javassist-3.29.2-GA.jar;C:\tools\kafka_2.13-3.7.0\libs\javax.activation-api-1.2.0.jar;C:\tools\kafka_2.13-3.7.0\libs\javax.annotation-api-1.3.2.jar;C:\tools\kafka_2.13-3.7.0\libs\javax.servlet-api-3.1.0.jar;C:\tools\kafka_2.13-3.7.0\libs\javax.ws.rs-api-2.1.1.jar;C:\tools\kafka_2.13-3.7.0\libs\jaxb-api-2.3.1.jar;C:\tools\kafka_2.13-3.7.0\libs\jersey-client-2.39.1.jar;C:\tools\kafka_2.13-3.7.0\libs\jersey-common-2.39.1.jar;C:\tools\kafka_2.13-3.7.0\libs\jersey-container-servlet-2.39.1.jar;C:\tools\kafka_2.13-3.7.0\libs\jersey-container-servlet-core-2.39.1.jar;C:\tools\kafka_2.13-3.7.0\libs\jersey-hk2-2.39.1.jar;C:\tools\kafka_2.13-3.7.0\libs\jersey-server-2.39.1.jar;C:\tools\kafka_2.13-3.7.0\libs\jetty-client-9.4.53.v20231009.jar;C:\tools\kafka_2.13-3.7.0\libs\jetty-continuation-9.4.53.v20231009.jar;C:\tools\kafka_2.13-3.7.0\libs\jetty-http-9.4.53.v20231009.jar;C:\tools\kafka_2.13-3.7.0\libs\jetty-io-9.4.53.v20231009.jar;C:\tools\kafka_2.13-3.7.0\libs\jetty-security-9.4.53.v20231009.jar;C:\tools\kafka_2.13-3.7.0\libs\jetty-server-9.4.53.v20231009.jar;C:\tools\kafka_2.13-3.7.0\libs\jetty-servlet-9.4.53.v20231009.jar;C:\tools\kafka_2.13-3.7.0\libs\jetty-servlets-9.4.53.v20231009.jar;C:\tools\kafka_2.13-3.7.0\libs\jetty-util-9.4.53.v20231009.jar;C:\tools\kafka_2.13-3.7.0\libs\jetty-util-ajax-9.4.53.v20231009.jar;C:\tools\kafka_2.13-3.7.0\libs\jline-3.22.0.jar;C:\tools\kafka_2.13-3.7.0\libs\jopt-simple-5.0.4.jar;C:\tools\kafka_2.13-3.7.0\libs\jose4j-0.9.4.jar;C:\tools\kafka_2.13-3.7.0\libs\jsr305-3.0.2.jar;C:\tools\kafka_2.13-3.7.0\libs\kafka-clients-3.7.0.jar;C:\tools\kafka_2.13-3.7.0\libs\kafka-group-coordinator-3.7.0.jar;C:\tools\kafka_2.13-3.7.0\libs\kafka-log4j-appender-3.7.0.jar;C:\tools\kafka_2.13-3.7.0\libs\kafka-metadata-3.7.0.jar;C:\tools\kafka_2.13-3.7.0\libs\kafka-raft-3.7.0.jar;C:\tools\kafka_2.13-3.7.0\libs\kafka-server-3.7.0.jar;C:\tools\kafka_2.13-3.7.0\libs\kafka-server-common-3.7.0.jar;C:\tools\kafka_2.13-3.7.0\libs\kafka-shell-3.7.0.jar;C:\tools\kafka_2.13-3.7.0\libs\kafka-storage-3.7.0.jar;C:\tools\kafka_2.13-3.7.0\libs\kafka-storage-api-3.7.0.jar;C:\tools\kafka_2.13-3.7.0\libs\kafka-streams-3.7.0.jar;C:\tools\kafka_2.13-3.7.0\libs\kafka-streams-examples-3.7.0.jar;C:\tools\kafka_2.13-3.7.0\libs\kafka-streams-scala_2.13-3.7.0.jar;C:\tools\kafka_2.13-3.7.0\libs\kafka-streams-test-utils-3.7.0.jar;C:\tools\kafka_2.13-3.7.0\libs\kafka-tools-3.7.0.jar;C:\tools\kafka_2.13-3.7.0\libs\kafka-tools-api-3.7.0.jar;C:\tools\kafka_2.13-3.7.0\libs\kafka_2.13-3.7.0.jar;C:\tools\kafka_2.13-3.7.0\libs\lz4-java-1.8.0.jar;C:\tools\kafka_2.13-3.7.0\libs\maven-artifact-3.8.8.jar;C:\tools\kafka_2.13-3.7.0\libs\metrics-core-2.2.0.jar;C:\tools\kafka_2.13-3.7.0\libs\metrics-core-4.1.12.1.jar;C:\tools\kafka_2.13-3.7.0\libs\netty-buffer-4.1.100.Final.jar;C:\tools\kafka_2.13-3.7.0\libs\netty-codec-4.1.100.Final.jar;C:\tools\kafka_2.13-3.7.0\libs\netty-common-4.1.100.Final.jar;C:\tools\kafka_2.13-3.7.0\libs\netty-handler-4.1.100.Final.jar;C:\tools\kafka_2.13-3.7.0\libs\netty-resolver-4.1.100.Final.jar;C:\tools\kafka_2.13-3.7.0\libs\netty-transport-4.1.100.Final.jar;C:\tools\kafka_2.13-3.7.0\libs\netty-transport-classes-epoll-4.1.100.Final.jar;C:\tools\kafka_2.13-3.7.0\libs\netty-transport-native-epoll-4.1.100.Final.jar;C:\tools\kafka_2.13-3.7.0\libs\netty-transport-native-unix-common-4.1.100.Final.jar;C:\tools\kafka_2.13-3.7.0\libs\opentelemetry-proto-1.0.0-alpha.jar;C:\tools\kafka_2.13-3.7.0\libs\osgi-resource-locator-1.0.3.jar;C:\tools\kafka_2.13-3.7.0\libs\paranamer-2.8.jar;C:\tools\kafka_2.13-3.7.0\libs\pcollections-4.0.1.jar;C:\tools\kafka_2.13-3.7.0\libs\plexus-utils-3.3.1.jar;C:\tools\kafka_2.13-3.7.0\libs\protobuf-java-3.23.4.jar;C:\tools\kafka_2.13-3.7.0\libs\reflections-0.10.2.jar;C:\tools\kafka_2.13-3.7.0\libs\reload4j-1.2.25.jar;C:\tools\kafka_2.13-3.7.0\libs\rocksdbjni-7.9.2.jar;C:\tools\kafka_2.13-3.7.0\libs\scala-collection-compat_2.13-2.10.0.jar;C:\tools\kafka_2.13-3.7.0\libs\scala-java8-compat_2.13-1.0.2.jar;C:\tools\kafka_2.13-3.7.0\libs\scala-library-2.13.12.jar;C:\tools\kafka_2.13-3.7.0\libs\scala-logging_2.13-3.9.4.jar;C:\tools\kafka_2.13-3.7.0\libs\scala-reflect-2.13.12.jar;C:\tools\kafka_2.13-3.7.0\libs\slf4j-api-1.7.36.jar;C:\tools\kafka_2.13-3.7.0\libs\slf4j-reload4j-1.7.36.jar;C:\tools\kafka_2.13-3.7.0\libs\snappy-java-1.1.10.5.jar;C:\tools\kafka_2.13-3.7.0\libs\swagger-annotations-2.2.8.jar;C:\tools\kafka_2.13-3.7.0\libs\trogdor-3.7.0.jar;C:\tools\kafka_2.13-3.7.0\libs\zookeeper-3.8.3.jar;C:\tools\kafka_2.13-3.7.0\libs\zookeeper-jute-3.8.3.jar;C:\tools\kafka_2.13-3.7.0\libs\zstd-jni-1.5.5-6.jar (org.apache.zookeeper.ZooKeeper)
[2024-07-02 23:30:07,995] INFO Client environment:java.library.path=C:\Program Files\Java\jdk-22\bin;C:\Windows\Sun\Java\bin;C:\Windows\system32;C:\Windows;C:\Program Files\Common Files\Oracle\Java\javapath;C:\Program Files (x86)\Common Files\Oracle\Java\java8path;C:\Program Files (x86)\Common Files\Oracle\Java\javapath;C:\Windows\system32;C:\Windows;C:\Windows\System32\Wbem;C:\Windows\System32\WindowsPowerShell\v1.0\;C:\Windows\System32\OpenSSH\;C:\Program Files\Microsoft SQL Server\150\Tools\Binn\;C:\Program Files\Microsoft SQL Server\Client SDK\ODBC\170\Tools\Binn\;C:\Program Files\dotnet\;C:\Users\niedz\AppData\Local\Microsoft\WindowsApps;C:\Users\niedz\.dotnet\tools;. (org.apache.zookeeper.ZooKeeper)
[2024-07-02 23:30:07,995] INFO Client environment:java.io.tmpdir=C:\Users\niedz\AppData\Local\Temp\ (org.apache.zookeeper.ZooKeeper)
[2024-07-02 23:30:07,995] INFO Client environment:java.compiler=<NA> (org.apache.zookeeper.ZooKeeper)
[2024-07-02 23:30:07,995] INFO Client environment:os.name=Windows 11 (org.apache.zookeeper.ZooKeeper)
[2024-07-02 23:30:07,995] INFO Client environment:os.arch=amd64 (org.apache.zookeeper.ZooKeeper)
[2024-07-02 23:30:07,995] INFO Client environment:os.version=10.0 (org.apache.zookeeper.ZooKeeper)
[2024-07-02 23:30:07,995] INFO Client environment:user.name=niedz (org.apache.zookeeper.ZooKeeper)
[2024-07-02 23:30:07,995] INFO Client environment:user.home=C:\Users\niedz (org.apache.zookeeper.ZooKeeper)
[2024-07-02 23:30:07,995] INFO Client environment:user.dir=C:\tools\kafka_2.13-3.7.0\example_start (org.apache.zookeeper.ZooKeeper)
[2024-07-02 23:30:07,995] INFO Client environment:os.memory.free=979MB (org.apache.zookeeper.ZooKeeper)
[2024-07-02 23:30:07,996] INFO Client environment:os.memory.max=1024MB (org.apache.zookeeper.ZooKeeper)
[2024-07-02 23:30:07,996] INFO Client environment:os.memory.total=1024MB (org.apache.zookeeper.ZooKeeper)
[2024-07-02 23:30:07,997] INFO Initiating client connection, connectString=localhost:2181 sessionTimeout=18000 watcher=kafka.zookeeper.ZooKeeperClient$ZooKeeperClientWatcher$@4416d64f (org.apache.zookeeper.ZooKeeper)
[2024-07-02 23:30:08,019] INFO jute.maxbuffer value is 4194304 Bytes (org.apache.zookeeper.ClientCnxnSocket)
[2024-07-02 23:30:08,023] INFO zookeeper.request.timeout value is 0. feature enabled=false (org.apache.zookeeper.ClientCnxn)
[2024-07-02 23:30:08,024] INFO [ZooKeeperClient Kafka server] Waiting until connected. (kafka.zookeeper.ZooKeeperClient)
[2024-07-02 23:30:08,025] INFO Opening socket connection to server localhost/[0:0:0:0:0:0:0:1]:2181. (org.apache.zookeeper.ClientCnxn)
[2024-07-02 23:30:08,027] WARN Session 0x0 for server localhost/[0:0:0:0:0:0:0:1]:2181, Closing socket connection. Attempting reconnect except it is a SessionExpiredException. (org.apache.zookeeper.ClientCnxn)
java.net.ConnectException: Connection refused: getsockopt
	at java.base/sun.nio.ch.Net.pollConnect(Native Method)
	at java.base/sun.nio.ch.Net.pollConnectNow(Net.java:682)
	at java.base/sun.nio.ch.SocketChannelImpl.finishConnect(SocketChannelImpl.java:1060)
	at org.apache.zookeeper.ClientCnxnSocketNIO.doTransport(ClientCnxnSocketNIO.java:344)
	at org.apache.zookeeper.ClientCnxn$SendThread.run(ClientCnxn.java:1289)
[2024-07-02 23:32:03,807] INFO Reading configuration from: ../config/zookeeper.properties (org.apache.zookeeper.server.quorum.QuorumPeerConfig)
[2024-07-02 23:32:03,808] WARN ..\config\zookeeper.properties is relative. Prepend .\ to indicate that you're sure! (org.apache.zookeeper.server.quorum.QuorumPeerConfig)
[2024-07-02 23:32:03,809] INFO clientPortAddress is 0.0.0.0:2181 (org.apache.zookeeper.server.quorum.QuorumPeerConfig)
[2024-07-02 23:32:03,809] INFO secureClientPort is not set (org.apache.zookeeper.server.quorum.QuorumPeerConfig)
[2024-07-02 23:32:03,810] INFO observerMasterPort is not set (org.apache.zookeeper.server.quorum.QuorumPeerConfig)
[2024-07-02 23:32:03,810] INFO metricsProvider.className is org.apache.zookeeper.metrics.impl.DefaultMetricsProvider (org.apache.zookeeper.server.quorum.QuorumPeerConfig)
[2024-07-02 23:32:03,811] INFO autopurge.snapRetainCount set to 3 (org.apache.zookeeper.server.DatadirCleanupManager)
[2024-07-02 23:32:03,811] INFO autopurge.purgeInterval set to 0 (org.apache.zookeeper.server.DatadirCleanupManager)
[2024-07-02 23:32:03,811] INFO Purge task is not scheduled. (org.apache.zookeeper.server.DatadirCleanupManager)
[2024-07-02 23:32:03,811] WARN Either no config or no quorum defined in config, running in standalone mode (org.apache.zookeeper.server.quorum.QuorumPeerMain)
[2024-07-02 23:32:03,812] INFO Log4j 1.2 jmx support not found; jmx disabled. (org.apache.zookeeper.jmx.ManagedUtil)
[2024-07-02 23:32:03,812] INFO Reading configuration from: ../config/zookeeper.properties (org.apache.zookeeper.server.quorum.QuorumPeerConfig)
[2024-07-02 23:32:03,812] WARN ..\config\zookeeper.properties is relative. Prepend .\ to indicate that you're sure! (org.apache.zookeeper.server.quorum.QuorumPeerConfig)
[2024-07-02 23:32:03,812] INFO clientPortAddress is 0.0.0.0:2181 (org.apache.zookeeper.server.quorum.QuorumPeerConfig)
[2024-07-02 23:32:03,812] INFO secureClientPort is not set (org.apache.zookeeper.server.quorum.QuorumPeerConfig)
[2024-07-02 23:32:03,812] INFO observerMasterPort is not set (org.apache.zookeeper.server.quorum.QuorumPeerConfig)
[2024-07-02 23:32:03,813] INFO metricsProvider.className is org.apache.zookeeper.metrics.impl.DefaultMetricsProvider (org.apache.zookeeper.server.quorum.QuorumPeerConfig)
[2024-07-02 23:32:03,813] INFO Starting server (org.apache.zookeeper.server.ZooKeeperServerMain)
[2024-07-02 23:32:03,821] INFO ServerMetrics initialized with provider org.apache.zookeeper.metrics.impl.DefaultMetricsProvider@7ce3cb8e (org.apache.zookeeper.server.ServerMetrics)
[2024-07-02 23:32:03,822] INFO ACL digest algorithm is: SHA1 (org.apache.zookeeper.server.auth.DigestAuthenticationProvider)
[2024-07-02 23:32:03,822] INFO zookeeper.DigestAuthenticationProvider.enabled = true (org.apache.zookeeper.server.auth.DigestAuthenticationProvider)
[2024-07-02 23:32:03,824] INFO zookeeper.snapshot.trust.empty : false (org.apache.zookeeper.server.persistence.FileTxnSnapLog)
[2024-07-02 23:32:03,829] INFO  (org.apache.zookeeper.server.ZooKeeperServer)
[2024-07-02 23:32:03,829] INFO   ______                  _                                           (org.apache.zookeeper.server.ZooKeeperServer)
[2024-07-02 23:32:03,829] INFO  |___  /                 | |                                          (org.apache.zookeeper.server.ZooKeeperServer)
[2024-07-02 23:32:03,830] INFO     / /    ___     ___   | | __   ___    ___   _ __     ___   _ __    (org.apache.zookeeper.server.ZooKeeperServer)
[2024-07-02 23:32:03,830] INFO    / /    / _ \   / _ \  | |/ /  / _ \  / _ \ | '_ \   / _ \ | '__| (org.apache.zookeeper.server.ZooKeeperServer)
[2024-07-02 23:32:03,830] INFO   / /__  | (_) | | (_) | |   <  |  __/ |  __/ | |_) | |  __/ | |     (org.apache.zookeeper.server.ZooKeeperServer)
[2024-07-02 23:32:03,830] INFO  /_____|  \___/   \___/  |_|\_\  \___|  \___| | .__/   \___| |_| (org.apache.zookeeper.server.ZooKeeperServer)
[2024-07-02 23:32:03,830] INFO                                               | |                      (org.apache.zookeeper.server.ZooKeeperServer)
[2024-07-02 23:32:03,830] INFO                                               |_|                      (org.apache.zookeeper.server.ZooKeeperServer)
[2024-07-02 23:32:03,830] INFO  (org.apache.zookeeper.server.ZooKeeperServer)
[2024-07-02 23:32:03,833] INFO Server environment:zookeeper.version=3.8.3-6ad6d364c7c0bcf0de452d54ebefa3058098ab56, built on 2023-10-05 10:34 UTC (org.apache.zookeeper.server.ZooKeeperServer)
[2024-07-02 23:32:03,833] INFO Server environment:host.name=Dzwiedziu (org.apache.zookeeper.server.ZooKeeperServer)
[2024-07-02 23:32:03,833] INFO Server environment:java.version=22.0.1 (org.apache.zookeeper.server.ZooKeeperServer)
[2024-07-02 23:32:03,833] INFO Server environment:java.vendor=Oracle Corporation (org.apache.zookeeper.server.ZooKeeperServer)
[2024-07-02 23:32:03,833] INFO Server environment:java.home=C:\Program Files\Java\jdk-22 (org.apache.zookeeper.server.ZooKeeperServer)
[2024-07-02 23:32:03,834] INFO Server environment:java.class.path=C:\tools\kafka_2.13-3.7.0\libs\activation-1.1.1.jar;C:\tools\kafka_2.13-3.7.0\libs\aopalliance-repackaged-2.6.1.jar;C:\tools\kafka_2.13-3.7.0\libs\argparse4j-0.7.0.jar;C:\tools\kafka_2.13-3.7.0\libs\audience-annotations-0.12.0.jar;C:\tools\kafka_2.13-3.7.0\libs\caffeine-2.9.3.jar;C:\tools\kafka_2.13-3.7.0\libs\checker-qual-3.19.0.jar;C:\tools\kafka_2.13-3.7.0\libs\commons-beanutils-1.9.4.jar;C:\tools\kafka_2.13-3.7.0\libs\commons-cli-1.4.jar;C:\tools\kafka_2.13-3.7.0\libs\commons-collections-3.2.2.jar;C:\tools\kafka_2.13-3.7.0\libs\commons-digester-2.1.jar;C:\tools\kafka_2.13-3.7.0\libs\commons-io-2.11.0.jar;C:\tools\kafka_2.13-3.7.0\libs\commons-lang3-3.8.1.jar;C:\tools\kafka_2.13-3.7.0\libs\commons-logging-1.2.jar;C:\tools\kafka_2.13-3.7.0\libs\commons-validator-1.7.jar;C:\tools\kafka_2.13-3.7.0\libs\connect-api-3.7.0.jar;C:\tools\kafka_2.13-3.7.0\libs\connect-basic-auth-extension-3.7.0.jar;C:\tools\kafka_2.13-3.7.0\libs\connect-file-3.7.0.jar;C:\tools\kafka_2.13-3.7.0\libs\connect-json-3.7.0.jar;C:\tools\kafka_2.13-3.7.0\libs\connect-mirror-3.7.0.jar;C:\tools\kafka_2.13-3.7.0\libs\connect-mirror-client-3.7.0.jar;C:\tools\kafka_2.13-3.7.0\libs\connect-runtime-3.7.0.jar;C:\tools\kafka_2.13-3.7.0\libs\connect-transforms-3.7.0.jar;C:\tools\kafka_2.13-3.7.0\libs\error_prone_annotations-2.10.0.jar;C:\tools\kafka_2.13-3.7.0\libs\hk2-api-2.6.1.jar;C:\tools\kafka_2.13-3.7.0\libs\hk2-locator-2.6.1.jar;C:\tools\kafka_2.13-3.7.0\libs\hk2-utils-2.6.1.jar;C:\tools\kafka_2.13-3.7.0\libs\jackson-annotations-2.16.0.jar;C:\tools\kafka_2.13-3.7.0\libs\jackson-core-2.16.0.jar;C:\tools\kafka_2.13-3.7.0\libs\jackson-databind-2.16.0.jar;C:\tools\kafka_2.13-3.7.0\libs\jackson-dataformat-csv-2.16.0.jar;C:\tools\kafka_2.13-3.7.0\libs\jackson-datatype-jdk8-2.16.0.jar;C:\tools\kafka_2.13-3.7.0\libs\jackson-jaxrs-base-2.16.0.jar;C:\tools\kafka_2.13-3.7.0\libs\jackson-jaxrs-json-provider-2.16.0.jar;C:\tools\kafka_2.13-3.7.0\libs\jackson-module-jaxb-annotations-2.16.0.jar;C:\tools\kafka_2.13-3.7.0\libs\jackson-module-scala_2.13-2.16.0.jar;C:\tools\kafka_2.13-3.7.0\libs\jakarta.activation-api-1.2.2.jar;C:\tools\kafka_2.13-3.7.0\libs\jakarta.annotation-api-1.3.5.jar;C:\tools\kafka_2.13-3.7.0\libs\jakarta.inject-2.6.1.jar;C:\tools\kafka_2.13-3.7.0\libs\jakarta.validation-api-2.0.2.jar;C:\tools\kafka_2.13-3.7.0\libs\jakarta.ws.rs-api-2.1.6.jar;C:\tools\kafka_2.13-3.7.0\libs\jakarta.xml.bind-api-2.3.3.jar;C:\tools\kafka_2.13-3.7.0\libs\javassist-3.29.2-GA.jar;C:\tools\kafka_2.13-3.7.0\libs\javax.activation-api-1.2.0.jar;C:\tools\kafka_2.13-3.7.0\libs\javax.annotation-api-1.3.2.jar;C:\tools\kafka_2.13-3.7.0\libs\javax.servlet-api-3.1.0.jar;C:\tools\kafka_2.13-3.7.0\libs\javax.ws.rs-api-2.1.1.jar;C:\tools\kafka_2.13-3.7.0\libs\jaxb-api-2.3.1.jar;C:\tools\kafka_2.13-3.7.0\libs\jersey-client-2.39.1.jar;C:\tools\kafka_2.13-3.7.0\libs\jersey-common-2.39.1.jar;C:\tools\kafka_2.13-3.7.0\libs\jersey-container-servlet-2.39.1.jar;C:\tools\kafka_2.13-3.7.0\libs\jersey-container-servlet-core-2.39.1.jar;C:\tools\kafka_2.13-3.7.0\libs\jersey-hk2-2.39.1.jar;C:\tools\kafka_2.13-3.7.0\libs\jersey-server-2.39.1.jar;C:\tools\kafka_2.13-3.7.0\libs\jetty-client-9.4.53.v20231009.jar;C:\tools\kafka_2.13-3.7.0\libs\jetty-continuation-9.4.53.v20231009.jar;C:\tools\kafka_2.13-3.7.0\libs\jetty-http-9.4.53.v20231009.jar;C:\tools\kafka_2.13-3.7.0\libs\jetty-io-9.4.53.v20231009.jar;C:\tools\kafka_2.13-3.7.0\libs\jetty-security-9.4.53.v20231009.jar;C:\tools\kafka_2.13-3.7.0\libs\jetty-server-9.4.53.v20231009.jar;C:\tools\kafka_2.13-3.7.0\libs\jetty-servlet-9.4.53.v20231009.jar;C:\tools\kafka_2.13-3.7.0\libs\jetty-servlets-9.4.53.v20231009.jar;C:\tools\kafka_2.13-3.7.0\libs\jetty-util-9.4.53.v20231009.jar;C:\tools\kafka_2.13-3.7.0\libs\jetty-util-ajax-9.4.53.v20231009.jar;C:\tools\kafka_2.13-3.7.0\libs\jline-3.22.0.jar;C:\tools\kafka_2.13-3.7.0\libs\jopt-simple-5.0.4.jar;C:\tools\kafka_2.13-3.7.0\libs\jose4j-0.9.4.jar;C:\tools\kafka_2.13-3.7.0\libs\jsr305-3.0.2.jar;C:\tools\kafka_2.13-3.7.0\libs\kafka-clients-3.7.0.jar;C:\tools\kafka_2.13-3.7.0\libs\kafka-group-coordinator-3.7.0.jar;C:\tools\kafka_2.13-3.7.0\libs\kafka-log4j-appender-3.7.0.jar;C:\tools\kafka_2.13-3.7.0\libs\kafka-metadata-3.7.0.jar;C:\tools\kafka_2.13-3.7.0\libs\kafka-raft-3.7.0.jar;C:\tools\kafka_2.13-3.7.0\libs\kafka-server-3.7.0.jar;C:\tools\kafka_2.13-3.7.0\libs\kafka-server-common-3.7.0.jar;C:\tools\kafka_2.13-3.7.0\libs\kafka-shell-3.7.0.jar;C:\tools\kafka_2.13-3.7.0\libs\kafka-storage-3.7.0.jar;C:\tools\kafka_2.13-3.7.0\libs\kafka-storage-api-3.7.0.jar;C:\tools\kafka_2.13-3.7.0\libs\kafka-streams-3.7.0.jar;C:\tools\kafka_2.13-3.7.0\libs\kafka-streams-examples-3.7.0.jar;C:\tools\kafka_2.13-3.7.0\libs\kafka-streams-scala_2.13-3.7.0.jar;C:\tools\kafka_2.13-3.7.0\libs\kafka-streams-test-utils-3.7.0.jar;C:\tools\kafka_2.13-3.7.0\libs\kafka-tools-3.7.0.jar;C:\tools\kafka_2.13-3.7.0\libs\kafka-tools-api-3.7.0.jar;C:\tools\kafka_2.13-3.7.0\libs\kafka_2.13-3.7.0.jar;C:\tools\kafka_2.13-3.7.0\libs\lz4-java-1.8.0.jar;C:\tools\kafka_2.13-3.7.0\libs\maven-artifact-3.8.8.jar;C:\tools\kafka_2.13-3.7.0\libs\metrics-core-2.2.0.jar;C:\tools\kafka_2.13-3.7.0\libs\metrics-core-4.1.12.1.jar;C:\tools\kafka_2.13-3.7.0\libs\netty-buffer-4.1.100.Final.jar;C:\tools\kafka_2.13-3.7.0\libs\netty-codec-4.1.100.Final.jar;C:\tools\kafka_2.13-3.7.0\libs\netty-common-4.1.100.Final.jar;C:\tools\kafka_2.13-3.7.0\libs\netty-handler-4.1.100.Final.jar;C:\tools\kafka_2.13-3.7.0\libs\netty-resolver-4.1.100.Final.jar;C:\tools\kafka_2.13-3.7.0\libs\netty-transport-4.1.100.Final.jar;C:\tools\kafka_2.13-3.7.0\libs\netty-transport-classes-epoll-4.1.100.Final.jar;C:\tools\kafka_2.13-3.7.0\libs\netty-transport-native-epoll-4.1.100.Final.jar;C:\tools\kafka_2.13-3.7.0\libs\netty-transport-native-unix-common-4.1.100.Final.jar;C:\tools\kafka_2.13-3.7.0\libs\opentelemetry-proto-1.0.0-alpha.jar;C:\tools\kafka_2.13-3.7.0\libs\osgi-resource-locator-1.0.3.jar;C:\tools\kafka_2.13-3.7.0\libs\paranamer-2.8.jar;C:\tools\kafka_2.13-3.7.0\libs\pcollections-4.0.1.jar;C:\tools\kafka_2.13-3.7.0\libs\plexus-utils-3.3.1.jar;C:\tools\kafka_2.13-3.7.0\libs\protobuf-java-3.23.4.jar;C:\tools\kafka_2.13-3.7.0\libs\reflections-0.10.2.jar;C:\tools\kafka_2.13-3.7.0\libs\reload4j-1.2.25.jar;C:\tools\kafka_2.13-3.7.0\libs\rocksdbjni-7.9.2.jar;C:\tools\kafka_2.13-3.7.0\libs\scala-collection-compat_2.13-2.10.0.jar;C:\tools\kafka_2.13-3.7.0\libs\scala-java8-compat_2.13-1.0.2.jar;C:\tools\kafka_2.13-3.7.0\libs\scala-library-2.13.12.jar;C:\tools\kafka_2.13-3.7.0\libs\scala-logging_2.13-3.9.4.jar;C:\tools\kafka_2.13-3.7.0\libs\scala-reflect-2.13.12.jar;C:\tools\kafka_2.13-3.7.0\libs\slf4j-api-1.7.36.jar;C:\tools\kafka_2.13-3.7.0\libs\slf4j-reload4j-1.7.36.jar;C:\tools\kafka_2.13-3.7.0\libs\snappy-java-1.1.10.5.jar;C:\tools\kafka_2.13-3.7.0\libs\swagger-annotations-2.2.8.jar;C:\tools\kafka_2.13-3.7.0\libs\trogdor-3.7.0.jar;C:\tools\kafka_2.13-3.7.0\libs\zookeeper-3.8.3.jar;C:\tools\kafka_2.13-3.7.0\libs\zookeeper-jute-3.8.3.jar;C:\tools\kafka_2.13-3.7.0\libs\zstd-jni-1.5.5-6.jar (org.apache.zookeeper.server.ZooKeeperServer)
[2024-07-02 23:32:03,834] INFO Server environment:java.library.path=C:\Program Files\Java\jdk-22\bin;C:\Windows\Sun\Java\bin;C:\Windows\system32;C:\Windows;C:\Program Files\Common Files\Oracle\Java\javapath;C:\Program Files (x86)\Common Files\Oracle\Java\java8path;C:\Program Files (x86)\Common Files\Oracle\Java\javapath;C:\Windows\system32;C:\Windows;C:\Windows\System32\Wbem;C:\Windows\System32\WindowsPowerShell\v1.0\;C:\Windows\System32\OpenSSH\;C:\Program Files\Microsoft SQL Server\150\Tools\Binn\;C:\Program Files\Microsoft SQL Server\Client SDK\ODBC\170\Tools\Binn\;C:\Program Files\dotnet\;C:\Users\niedz\AppData\Local\Microsoft\WindowsApps;C:\Users\niedz\.dotnet\tools;. (org.apache.zookeeper.server.ZooKeeperServer)
[2024-07-02 23:32:03,834] INFO Server environment:java.io.tmpdir=C:\Users\niedz\AppData\Local\Temp\ (org.apache.zookeeper.server.ZooKeeperServer)
[2024-07-02 23:32:03,834] INFO Server environment:java.compiler=<NA> (org.apache.zookeeper.server.ZooKeeperServer)
[2024-07-02 23:32:03,834] INFO Server environment:os.name=Windows 11 (org.apache.zookeeper.server.ZooKeeperServer)
[2024-07-02 23:32:03,834] INFO Server environment:os.arch=amd64 (org.apache.zookeeper.server.ZooKeeperServer)
[2024-07-02 23:32:03,835] INFO Server environment:os.version=10.0 (org.apache.zookeeper.server.ZooKeeperServer)
[2024-07-02 23:32:03,835] INFO Server environment:user.name=niedz (org.apache.zookeeper.server.ZooKeeperServer)
[2024-07-02 23:32:03,835] INFO Server environment:user.home=C:\Users\niedz (org.apache.zookeeper.server.ZooKeeperServer)
[2024-07-02 23:32:03,835] INFO Server environment:user.dir=C:\tools\kafka_2.13-3.7.0\START (org.apache.zookeeper.server.ZooKeeperServer)
[2024-07-02 23:32:03,835] INFO Server environment:os.memory.free=488MB (org.apache.zookeeper.server.ZooKeeperServer)
[2024-07-02 23:32:03,835] INFO Server environment:os.memory.max=512MB (org.apache.zookeeper.server.ZooKeeperServer)
[2024-07-02 23:32:03,835] INFO Server environment:os.memory.total=512MB (org.apache.zookeeper.server.ZooKeeperServer)
[2024-07-02 23:32:03,835] INFO zookeeper.enableEagerACLCheck = false (org.apache.zookeeper.server.ZooKeeperServer)
[2024-07-02 23:32:03,835] INFO zookeeper.digest.enabled = true (org.apache.zookeeper.server.ZooKeeperServer)
[2024-07-02 23:32:03,835] INFO zookeeper.closeSessionTxn.enabled = true (org.apache.zookeeper.server.ZooKeeperServer)
[2024-07-02 23:32:03,835] INFO zookeeper.flushDelay = 0 ms (org.apache.zookeeper.server.ZooKeeperServer)
[2024-07-02 23:32:03,835] INFO zookeeper.maxWriteQueuePollTime = 0 ms (org.apache.zookeeper.server.ZooKeeperServer)
[2024-07-02 23:32:03,836] INFO zookeeper.maxBatchSize=1000 (org.apache.zookeeper.server.ZooKeeperServer)
[2024-07-02 23:32:03,836] INFO zookeeper.intBufferStartingSizeBytes = 1024 (org.apache.zookeeper.server.ZooKeeperServer)
[2024-07-02 23:32:03,836] INFO Weighed connection throttling is disabled (org.apache.zookeeper.server.BlueThrottle)
[2024-07-02 23:32:03,837] INFO minSessionTimeout set to 6000 ms (org.apache.zookeeper.server.ZooKeeperServer)
[2024-07-02 23:32:03,837] INFO maxSessionTimeout set to 60000 ms (org.apache.zookeeper.server.ZooKeeperServer)
[2024-07-02 23:32:03,837] INFO getData response cache size is initialized with value 400. (org.apache.zookeeper.server.ResponseCache)
[2024-07-02 23:32:03,838] INFO getChildren response cache size is initialized with value 400. (org.apache.zookeeper.server.ResponseCache)
[2024-07-02 23:32:03,838] INFO zookeeper.pathStats.slotCapacity = 60 (org.apache.zookeeper.server.util.RequestPathMetricsCollector)
[2024-07-02 23:32:03,838] INFO zookeeper.pathStats.slotDuration = 15 (org.apache.zookeeper.server.util.RequestPathMetricsCollector)
[2024-07-02 23:32:03,838] INFO zookeeper.pathStats.maxDepth = 6 (org.apache.zookeeper.server.util.RequestPathMetricsCollector)
[2024-07-02 23:32:03,838] INFO zookeeper.pathStats.initialDelay = 5 (org.apache.zookeeper.server.util.RequestPathMetricsCollector)
[2024-07-02 23:32:03,839] INFO zookeeper.pathStats.delay = 5 (org.apache.zookeeper.server.util.RequestPathMetricsCollector)
[2024-07-02 23:32:03,839] INFO zookeeper.pathStats.enabled = false (org.apache.zookeeper.server.util.RequestPathMetricsCollector)
[2024-07-02 23:32:03,840] INFO The max bytes for all large requests are set to 104857600 (org.apache.zookeeper.server.ZooKeeperServer)
[2024-07-02 23:32:03,840] INFO The large request threshold is set to -1 (org.apache.zookeeper.server.ZooKeeperServer)
[2024-07-02 23:32:03,840] INFO zookeeper.enforce.auth.enabled = false (org.apache.zookeeper.server.AuthenticationHelper)
[2024-07-02 23:32:03,841] INFO zookeeper.enforce.auth.schemes = [] (org.apache.zookeeper.server.AuthenticationHelper)
[2024-07-02 23:32:03,841] INFO Created server with tickTime 3000 ms minSessionTimeout 6000 ms maxSessionTimeout 60000 ms clientPortListenBacklog -1 datadir C:\User\niedz\Desktop\data\zookeeper\version-2 snapdir C:\User\niedz\Desktop\data\zookeeper\version-2 (org.apache.zookeeper.server.ZooKeeperServer)
[2024-07-02 23:32:03,844] INFO Using org.apache.zookeeper.server.NIOServerCnxnFactory as server connection factory (org.apache.zookeeper.server.ServerCnxnFactory)
[2024-07-02 23:32:03,845] WARN maxCnxns is not configured, using default value 0. (org.apache.zookeeper.server.ServerCnxnFactory)
[2024-07-02 23:32:03,846] INFO Configuring NIO connection handler with 10s sessionless connection timeout, 2 selector thread(s), 32 worker threads, and 64 kB direct buffers. (org.apache.zookeeper.server.NIOServerCnxnFactory)
[2024-07-02 23:32:03,875] INFO binding to port 0.0.0.0/0.0.0.0:2181 (org.apache.zookeeper.server.NIOServerCnxnFactory)
[2024-07-02 23:32:03,884] INFO Using org.apache.zookeeper.server.watch.WatchManager as watch manager (org.apache.zookeeper.server.watch.WatchManagerFactory)
[2024-07-02 23:32:03,884] INFO Using org.apache.zookeeper.server.watch.WatchManager as watch manager (org.apache.zookeeper.server.watch.WatchManagerFactory)
[2024-07-02 23:32:03,884] INFO zookeeper.snapshotSizeFactor = 0.33 (org.apache.zookeeper.server.ZKDatabase)
[2024-07-02 23:32:03,885] INFO zookeeper.commitLogCount=500 (org.apache.zookeeper.server.ZKDatabase)
[2024-07-02 23:32:03,887] INFO zookeeper.snapshot.compression.method = CHECKED (org.apache.zookeeper.server.persistence.SnapStream)
[2024-07-02 23:32:03,891] INFO Reading snapshot C:\User\niedz\Desktop\data\zookeeper\version-2\snapshot.bf (org.apache.zookeeper.server.persistence.FileSnap)
[2024-07-02 23:32:03,896] INFO The digest in the snapshot has digest version of 2, with zxid as 0xbf, and digest value as 314522576606 (org.apache.zookeeper.server.DataTree)
[2024-07-02 23:32:03,907] INFO ZooKeeper audit is disabled. (org.apache.zookeeper.audit.ZKAuditProvider)
[2024-07-02 23:32:03,909] INFO 1 txns loaded in 4 ms (org.apache.zookeeper.server.persistence.FileTxnSnapLog)
[2024-07-02 23:32:03,909] INFO Snapshot loaded in 24 ms, highest zxid is 0xc0, digest is 305700009841 (org.apache.zookeeper.server.ZKDatabase)
[2024-07-02 23:32:03,910] INFO Snapshotting: 0xc0 to C:\User\niedz\Desktop\data\zookeeper\version-2\snapshot.c0 (org.apache.zookeeper.server.persistence.FileTxnSnapLog)
[2024-07-02 23:32:03,913] INFO Snapshot taken in 3 ms (org.apache.zookeeper.server.ZooKeeperServer)
[2024-07-02 23:32:03,919] INFO PrepRequestProcessor (sid:0) started, reconfigEnabled=false (org.apache.zookeeper.server.PrepRequestProcessor)
[2024-07-02 23:32:03,919] INFO zookeeper.request_throttler.shutdownTimeout = 10000 ms (org.apache.zookeeper.server.RequestThrottler)
[2024-07-02 23:32:03,929] INFO Using checkIntervalMs=60000 maxPerMinute=10000 maxNeverUsedIntervalMs=0 (org.apache.zookeeper.server.ContainerManager)
[2024-07-02 23:33:00,848] INFO Registered kafka:type=kafka.Log4jController MBean (kafka.utils.Log4jControllerRegistration$)
[2024-07-02 23:33:01,016] INFO Setting -D jdk.tls.rejectClientInitiatedRenegotiation=true to disable client-initiated TLS renegotiation (org.apache.zookeeper.common.X509Util)
[2024-07-02 23:33:01,065] INFO starting (kafka.server.KafkaServer)
[2024-07-02 23:33:01,066] INFO Connecting to zookeeper on localhost:2181 (kafka.server.KafkaServer)
[2024-07-02 23:33:01,073] INFO [ZooKeeperClient Kafka server] Initializing a new session to localhost:2181. (kafka.zookeeper.ZooKeeperClient)
[2024-07-02 23:33:01,078] INFO Client environment:zookeeper.version=3.8.3-6ad6d364c7c0bcf0de452d54ebefa3058098ab56, built on 2023-10-05 10:34 UTC (org.apache.zookeeper.ZooKeeper)
[2024-07-02 23:33:01,078] INFO Client environment:host.name=Dzwiedziu (org.apache.zookeeper.ZooKeeper)
[2024-07-02 23:33:01,078] INFO Client environment:java.version=22.0.1 (org.apache.zookeeper.ZooKeeper)
[2024-07-02 23:33:01,078] INFO Client environment:java.vendor=Oracle Corporation (org.apache.zookeeper.ZooKeeper)
[2024-07-02 23:33:01,078] INFO Client environment:java.home=C:\Program Files\Java\jdk-22 (org.apache.zookeeper.ZooKeeper)
[2024-07-02 23:33:01,078] INFO Client environment:java.class.path=C:\tools\kafka_2.13-3.7.0\libs\activation-1.1.1.jar;C:\tools\kafka_2.13-3.7.0\libs\aopalliance-repackaged-2.6.1.jar;C:\tools\kafka_2.13-3.7.0\libs\argparse4j-0.7.0.jar;C:\tools\kafka_2.13-3.7.0\libs\audience-annotations-0.12.0.jar;C:\tools\kafka_2.13-3.7.0\libs\caffeine-2.9.3.jar;C:\tools\kafka_2.13-3.7.0\libs\checker-qual-3.19.0.jar;C:\tools\kafka_2.13-3.7.0\libs\commons-beanutils-1.9.4.jar;C:\tools\kafka_2.13-3.7.0\libs\commons-cli-1.4.jar;C:\tools\kafka_2.13-3.7.0\libs\commons-collections-3.2.2.jar;C:\tools\kafka_2.13-3.7.0\libs\commons-digester-2.1.jar;C:\tools\kafka_2.13-3.7.0\libs\commons-io-2.11.0.jar;C:\tools\kafka_2.13-3.7.0\libs\commons-lang3-3.8.1.jar;C:\tools\kafka_2.13-3.7.0\libs\commons-logging-1.2.jar;C:\tools\kafka_2.13-3.7.0\libs\commons-validator-1.7.jar;C:\tools\kafka_2.13-3.7.0\libs\connect-api-3.7.0.jar;C:\tools\kafka_2.13-3.7.0\libs\connect-basic-auth-extension-3.7.0.jar;C:\tools\kafka_2.13-3.7.0\libs\connect-file-3.7.0.jar;C:\tools\kafka_2.13-3.7.0\libs\connect-json-3.7.0.jar;C:\tools\kafka_2.13-3.7.0\libs\connect-mirror-3.7.0.jar;C:\tools\kafka_2.13-3.7.0\libs\connect-mirror-client-3.7.0.jar;C:\tools\kafka_2.13-3.7.0\libs\connect-runtime-3.7.0.jar;C:\tools\kafka_2.13-3.7.0\libs\connect-transforms-3.7.0.jar;C:\tools\kafka_2.13-3.7.0\libs\error_prone_annotations-2.10.0.jar;C:\tools\kafka_2.13-3.7.0\libs\hk2-api-2.6.1.jar;C:\tools\kafka_2.13-3.7.0\libs\hk2-locator-2.6.1.jar;C:\tools\kafka_2.13-3.7.0\libs\hk2-utils-2.6.1.jar;C:\tools\kafka_2.13-3.7.0\libs\jackson-annotations-2.16.0.jar;C:\tools\kafka_2.13-3.7.0\libs\jackson-core-2.16.0.jar;C:\tools\kafka_2.13-3.7.0\libs\jackson-databind-2.16.0.jar;C:\tools\kafka_2.13-3.7.0\libs\jackson-dataformat-csv-2.16.0.jar;C:\tools\kafka_2.13-3.7.0\libs\jackson-datatype-jdk8-2.16.0.jar;C:\tools\kafka_2.13-3.7.0\libs\jackson-jaxrs-base-2.16.0.jar;C:\tools\kafka_2.13-3.7.0\libs\jackson-jaxrs-json-provider-2.16.0.jar;C:\tools\kafka_2.13-3.7.0\libs\jackson-module-jaxb-annotations-2.16.0.jar;C:\tools\kafka_2.13-3.7.0\libs\jackson-module-scala_2.13-2.16.0.jar;C:\tools\kafka_2.13-3.7.0\libs\jakarta.activation-api-1.2.2.jar;C:\tools\kafka_2.13-3.7.0\libs\jakarta.annotation-api-1.3.5.jar;C:\tools\kafka_2.13-3.7.0\libs\jakarta.inject-2.6.1.jar;C:\tools\kafka_2.13-3.7.0\libs\jakarta.validation-api-2.0.2.jar;C:\tools\kafka_2.13-3.7.0\libs\jakarta.ws.rs-api-2.1.6.jar;C:\tools\kafka_2.13-3.7.0\libs\jakarta.xml.bind-api-2.3.3.jar;C:\tools\kafka_2.13-3.7.0\libs\javassist-3.29.2-GA.jar;C:\tools\kafka_2.13-3.7.0\libs\javax.activation-api-1.2.0.jar;C:\tools\kafka_2.13-3.7.0\libs\javax.annotation-api-1.3.2.jar;C:\tools\kafka_2.13-3.7.0\libs\javax.servlet-api-3.1.0.jar;C:\tools\kafka_2.13-3.7.0\libs\javax.ws.rs-api-2.1.1.jar;C:\tools\kafka_2.13-3.7.0\libs\jaxb-api-2.3.1.jar;C:\tools\kafka_2.13-3.7.0\libs\jersey-client-2.39.1.jar;C:\tools\kafka_2.13-3.7.0\libs\jersey-common-2.39.1.jar;C:\tools\kafka_2.13-3.7.0\libs\jersey-container-servlet-2.39.1.jar;C:\tools\kafka_2.13-3.7.0\libs\jersey-container-servlet-core-2.39.1.jar;C:\tools\kafka_2.13-3.7.0\libs\jersey-hk2-2.39.1.jar;C:\tools\kafka_2.13-3.7.0\libs\jersey-server-2.39.1.jar;C:\tools\kafka_2.13-3.7.0\libs\jetty-client-9.4.53.v20231009.jar;C:\tools\kafka_2.13-3.7.0\libs\jetty-continuation-9.4.53.v20231009.jar;C:\tools\kafka_2.13-3.7.0\libs\jetty-http-9.4.53.v20231009.jar;C:\tools\kafka_2.13-3.7.0\libs\jetty-io-9.4.53.v20231009.jar;C:\tools\kafka_2.13-3.7.0\libs\jetty-security-9.4.53.v20231009.jar;C:\tools\kafka_2.13-3.7.0\libs\jetty-server-9.4.53.v20231009.jar;C:\tools\kafka_2.13-3.7.0\libs\jetty-servlet-9.4.53.v20231009.jar;C:\tools\kafka_2.13-3.7.0\libs\jetty-servlets-9.4.53.v20231009.jar;C:\tools\kafka_2.13-3.7.0\libs\jetty-util-9.4.53.v20231009.jar;C:\tools\kafka_2.13-3.7.0\libs\jetty-util-ajax-9.4.53.v20231009.jar;C:\tools\kafka_2.13-3.7.0\libs\jline-3.22.0.jar;C:\tools\kafka_2.13-3.7.0\libs\jopt-simple-5.0.4.jar;C:\tools\kafka_2.13-3.7.0\libs\jose4j-0.9.4.jar;C:\tools\kafka_2.13-3.7.0\libs\jsr305-3.0.2.jar;C:\tools\kafka_2.13-3.7.0\libs\kafka-clients-3.7.0.jar;C:\tools\kafka_2.13-3.7.0\libs\kafka-group-coordinator-3.7.0.jar;C:\tools\kafka_2.13-3.7.0\libs\kafka-log4j-appender-3.7.0.jar;C:\tools\kafka_2.13-3.7.0\libs\kafka-metadata-3.7.0.jar;C:\tools\kafka_2.13-3.7.0\libs\kafka-raft-3.7.0.jar;C:\tools\kafka_2.13-3.7.0\libs\kafka-server-3.7.0.jar;C:\tools\kafka_2.13-3.7.0\libs\kafka-server-common-3.7.0.jar;C:\tools\kafka_2.13-3.7.0\libs\kafka-shell-3.7.0.jar;C:\tools\kafka_2.13-3.7.0\libs\kafka-storage-3.7.0.jar;C:\tools\kafka_2.13-3.7.0\libs\kafka-storage-api-3.7.0.jar;C:\tools\kafka_2.13-3.7.0\libs\kafka-streams-3.7.0.jar;C:\tools\kafka_2.13-3.7.0\libs\kafka-streams-examples-3.7.0.jar;C:\tools\kafka_2.13-3.7.0\libs\kafka-streams-scala_2.13-3.7.0.jar;C:\tools\kafka_2.13-3.7.0\libs\kafka-streams-test-utils-3.7.0.jar;C:\tools\kafka_2.13-3.7.0\libs\kafka-tools-3.7.0.jar;C:\tools\kafka_2.13-3.7.0\libs\kafka-tools-api-3.7.0.jar;C:\tools\kafka_2.13-3.7.0\libs\kafka_2.13-3.7.0.jar;C:\tools\kafka_2.13-3.7.0\libs\lz4-java-1.8.0.jar;C:\tools\kafka_2.13-3.7.0\libs\maven-artifact-3.8.8.jar;C:\tools\kafka_2.13-3.7.0\libs\metrics-core-2.2.0.jar;C:\tools\kafka_2.13-3.7.0\libs\metrics-core-4.1.12.1.jar;C:\tools\kafka_2.13-3.7.0\libs\netty-buffer-4.1.100.Final.jar;C:\tools\kafka_2.13-3.7.0\libs\netty-codec-4.1.100.Final.jar;C:\tools\kafka_2.13-3.7.0\libs\netty-common-4.1.100.Final.jar;C:\tools\kafka_2.13-3.7.0\libs\netty-handler-4.1.100.Final.jar;C:\tools\kafka_2.13-3.7.0\libs\netty-resolver-4.1.100.Final.jar;C:\tools\kafka_2.13-3.7.0\libs\netty-transport-4.1.100.Final.jar;C:\tools\kafka_2.13-3.7.0\libs\netty-transport-classes-epoll-4.1.100.Final.jar;C:\tools\kafka_2.13-3.7.0\libs\netty-transport-native-epoll-4.1.100.Final.jar;C:\tools\kafka_2.13-3.7.0\libs\netty-transport-native-unix-common-4.1.100.Final.jar;C:\tools\kafka_2.13-3.7.0\libs\opentelemetry-proto-1.0.0-alpha.jar;C:\tools\kafka_2.13-3.7.0\libs\osgi-resource-locator-1.0.3.jar;C:\tools\kafka_2.13-3.7.0\libs\paranamer-2.8.jar;C:\tools\kafka_2.13-3.7.0\libs\pcollections-4.0.1.jar;C:\tools\kafka_2.13-3.7.0\libs\plexus-utils-3.3.1.jar;C:\tools\kafka_2.13-3.7.0\libs\protobuf-java-3.23.4.jar;C:\tools\kafka_2.13-3.7.0\libs\reflections-0.10.2.jar;C:\tools\kafka_2.13-3.7.0\libs\reload4j-1.2.25.jar;C:\tools\kafka_2.13-3.7.0\libs\rocksdbjni-7.9.2.jar;C:\tools\kafka_2.13-3.7.0\libs\scala-collection-compat_2.13-2.10.0.jar;C:\tools\kafka_2.13-3.7.0\libs\scala-java8-compat_2.13-1.0.2.jar;C:\tools\kafka_2.13-3.7.0\libs\scala-library-2.13.12.jar;C:\tools\kafka_2.13-3.7.0\libs\scala-logging_2.13-3.9.4.jar;C:\tools\kafka_2.13-3.7.0\libs\scala-reflect-2.13.12.jar;C:\tools\kafka_2.13-3.7.0\libs\slf4j-api-1.7.36.jar;C:\tools\kafka_2.13-3.7.0\libs\slf4j-reload4j-1.7.36.jar;C:\tools\kafka_2.13-3.7.0\libs\snappy-java-1.1.10.5.jar;C:\tools\kafka_2.13-3.7.0\libs\swagger-annotations-2.2.8.jar;C:\tools\kafka_2.13-3.7.0\libs\trogdor-3.7.0.jar;C:\tools\kafka_2.13-3.7.0\libs\zookeeper-3.8.3.jar;C:\tools\kafka_2.13-3.7.0\libs\zookeeper-jute-3.8.3.jar;C:\tools\kafka_2.13-3.7.0\libs\zstd-jni-1.5.5-6.jar (org.apache.zookeeper.ZooKeeper)
[2024-07-02 23:33:01,079] INFO Client environment:java.library.path=C:\Program Files\Java\jdk-22\bin;C:\Windows\Sun\Java\bin;C:\Windows\system32;C:\Windows;C:\Program Files\Common Files\Oracle\Java\javapath;C:\Program Files (x86)\Common Files\Oracle\Java\java8path;C:\Program Files (x86)\Common Files\Oracle\Java\javapath;C:\Windows\system32;C:\Windows;C:\Windows\System32\Wbem;C:\Windows\System32\WindowsPowerShell\v1.0\;C:\Windows\System32\OpenSSH\;C:\Program Files\Microsoft SQL Server\150\Tools\Binn\;C:\Program Files\Microsoft SQL Server\Client SDK\ODBC\170\Tools\Binn\;C:\Program Files\dotnet\;C:\Users\niedz\AppData\Local\Microsoft\WindowsApps;C:\Users\niedz\.dotnet\tools;. (org.apache.zookeeper.ZooKeeper)
[2024-07-02 23:33:01,079] INFO Client environment:java.io.tmpdir=C:\Users\niedz\AppData\Local\Temp\ (org.apache.zookeeper.ZooKeeper)
[2024-07-02 23:33:01,079] INFO Client environment:java.compiler=<NA> (org.apache.zookeeper.ZooKeeper)
[2024-07-02 23:33:01,079] INFO Client environment:os.name=Windows 11 (org.apache.zookeeper.ZooKeeper)
[2024-07-02 23:33:01,079] INFO Client environment:os.arch=amd64 (org.apache.zookeeper.ZooKeeper)
[2024-07-02 23:33:01,079] INFO Client environment:os.version=10.0 (org.apache.zookeeper.ZooKeeper)
[2024-07-02 23:33:01,079] INFO Client environment:user.name=niedz (org.apache.zookeeper.ZooKeeper)
[2024-07-02 23:33:01,079] INFO Client environment:user.home=C:\Users\niedz (org.apache.zookeeper.ZooKeeper)
[2024-07-02 23:33:01,079] INFO Client environment:user.dir=C:\tools\kafka_2.13-3.7.0\START (org.apache.zookeeper.ZooKeeper)
[2024-07-02 23:33:01,079] INFO Client environment:os.memory.free=978MB (org.apache.zookeeper.ZooKeeper)
[2024-07-02 23:33:01,079] INFO Client environment:os.memory.max=1024MB (org.apache.zookeeper.ZooKeeper)
[2024-07-02 23:33:01,080] INFO Client environment:os.memory.total=1024MB (org.apache.zookeeper.ZooKeeper)
[2024-07-02 23:33:01,081] INFO Initiating client connection, connectString=localhost:2181 sessionTimeout=18000 watcher=kafka.zookeeper.ZooKeeperClient$ZooKeeperClientWatcher$@4416d64f (org.apache.zookeeper.ZooKeeper)
[2024-07-02 23:33:01,104] INFO jute.maxbuffer value is 4194304 Bytes (org.apache.zookeeper.ClientCnxnSocket)
[2024-07-02 23:33:01,108] INFO zookeeper.request.timeout value is 0. feature enabled=false (org.apache.zookeeper.ClientCnxn)
[2024-07-02 23:33:01,109] INFO [ZooKeeperClient Kafka server] Waiting until connected. (kafka.zookeeper.ZooKeeperClient)
[2024-07-02 23:33:01,110] INFO Opening socket connection to server localhost/127.0.0.1:2181. (org.apache.zookeeper.ClientCnxn)
[2024-07-02 23:33:01,112] WARN Session 0x0 for server localhost/127.0.0.1:2181, Closing socket connection. Attempting reconnect except it is a SessionExpiredException. (org.apache.zookeeper.ClientCnxn)
java.net.ConnectException: Connection refused: getsockopt
	at java.base/sun.nio.ch.Net.pollConnect(Native Method)
	at java.base/sun.nio.ch.Net.pollConnectNow(Net.java:682)
	at java.base/sun.nio.ch.SocketChannelImpl.finishConnect(SocketChannelImpl.java:1060)
	at org.apache.zookeeper.ClientCnxnSocketNIO.doTransport(ClientCnxnSocketNIO.java:344)
	at org.apache.zookeeper.ClientCnxn$SendThread.run(ClientCnxn.java:1289)
[2024-07-02 23:33:02,240] INFO Opening socket connection to server localhost/[0:0:0:0:0:0:0:1]:2181. (org.apache.zookeeper.ClientCnxn)
[2024-07-02 23:33:02,240] WARN Session 0x0 for server localhost/[0:0:0:0:0:0:0:1]:2181, Closing socket connection. Attempting reconnect except it is a SessionExpiredException. (org.apache.zookeeper.ClientCnxn)
java.net.ConnectException: Connection refused: getsockopt
	at java.base/sun.nio.ch.Net.pollConnect(Native Method)
	at java.base/sun.nio.ch.Net.pollConnectNow(Net.java:682)
	at java.base/sun.nio.ch.SocketChannelImpl.finishConnect(SocketChannelImpl.java:1060)
	at org.apache.zookeeper.ClientCnxnSocketNIO.doTransport(ClientCnxnSocketNIO.java:344)
	at org.apache.zookeeper.ClientCnxn$SendThread.run(ClientCnxn.java:1289)
[2024-07-02 23:33:03,352] INFO Opening socket connection to server localhost/127.0.0.1:2181. (org.apache.zookeeper.ClientCnxn)
[2024-07-02 23:33:03,352] WARN Session 0x0 for server localhost/127.0.0.1:2181, Closing socket connection. Attempting reconnect except it is a SessionExpiredException. (org.apache.zookeeper.ClientCnxn)
java.net.ConnectException: Connection refused: getsockopt
	at java.base/sun.nio.ch.Net.pollConnect(Native Method)
	at java.base/sun.nio.ch.Net.pollConnectNow(Net.java:682)
	at java.base/sun.nio.ch.SocketChannelImpl.finishConnect(SocketChannelImpl.java:1060)
	at org.apache.zookeeper.ClientCnxnSocketNIO.doTransport(ClientCnxnSocketNIO.java:344)
	at org.apache.zookeeper.ClientCnxn$SendThread.run(ClientCnxn.java:1289)
[2024-07-02 23:33:04,474] INFO Opening socket connection to server localhost/127.0.0.1:2181. (org.apache.zookeeper.ClientCnxn)
[2024-07-02 23:33:04,474] WARN Session 0x0 for server localhost/127.0.0.1:2181, Closing socket connection. Attempting reconnect except it is a SessionExpiredException. (org.apache.zookeeper.ClientCnxn)
java.net.ConnectException: Connection refused: getsockopt
	at java.base/sun.nio.ch.Net.pollConnect(Native Method)
	at java.base/sun.nio.ch.Net.pollConnectNow(Net.java:682)
	at java.base/sun.nio.ch.SocketChannelImpl.finishConnect(SocketChannelImpl.java:1060)
	at org.apache.zookeeper.ClientCnxnSocketNIO.doTransport(ClientCnxnSocketNIO.java:344)
	at org.apache.zookeeper.ClientCnxn$SendThread.run(ClientCnxn.java:1289)
[2024-07-02 23:33:43,899] INFO Reading configuration from: ../config/zookeeper.properties (org.apache.zookeeper.server.quorum.QuorumPeerConfig)
[2024-07-02 23:33:43,900] WARN ..\config\zookeeper.properties is relative. Prepend .\ to indicate that you're sure! (org.apache.zookeeper.server.quorum.QuorumPeerConfig)
[2024-07-02 23:33:43,901] INFO clientPortAddress is 0.0.0.0:2181 (org.apache.zookeeper.server.quorum.QuorumPeerConfig)
[2024-07-02 23:33:43,901] INFO secureClientPort is not set (org.apache.zookeeper.server.quorum.QuorumPeerConfig)
[2024-07-02 23:33:43,901] INFO observerMasterPort is not set (org.apache.zookeeper.server.quorum.QuorumPeerConfig)
[2024-07-02 23:33:43,901] INFO metricsProvider.className is org.apache.zookeeper.metrics.impl.DefaultMetricsProvider (org.apache.zookeeper.server.quorum.QuorumPeerConfig)
[2024-07-02 23:33:43,902] INFO autopurge.snapRetainCount set to 3 (org.apache.zookeeper.server.DatadirCleanupManager)
[2024-07-02 23:33:43,903] INFO autopurge.purgeInterval set to 0 (org.apache.zookeeper.server.DatadirCleanupManager)
[2024-07-02 23:33:43,903] INFO Purge task is not scheduled. (org.apache.zookeeper.server.DatadirCleanupManager)
[2024-07-02 23:33:43,903] WARN Either no config or no quorum defined in config, running in standalone mode (org.apache.zookeeper.server.quorum.QuorumPeerMain)
[2024-07-02 23:33:43,903] INFO Log4j 1.2 jmx support not found; jmx disabled. (org.apache.zookeeper.jmx.ManagedUtil)
[2024-07-02 23:33:43,904] INFO Reading configuration from: ../config/zookeeper.properties (org.apache.zookeeper.server.quorum.QuorumPeerConfig)
[2024-07-02 23:33:43,904] WARN ..\config\zookeeper.properties is relative. Prepend .\ to indicate that you're sure! (org.apache.zookeeper.server.quorum.QuorumPeerConfig)
[2024-07-02 23:33:43,904] INFO clientPortAddress is 0.0.0.0:2181 (org.apache.zookeeper.server.quorum.QuorumPeerConfig)
[2024-07-02 23:33:43,904] INFO secureClientPort is not set (org.apache.zookeeper.server.quorum.QuorumPeerConfig)
[2024-07-02 23:33:43,904] INFO observerMasterPort is not set (org.apache.zookeeper.server.quorum.QuorumPeerConfig)
[2024-07-02 23:33:43,904] INFO metricsProvider.className is org.apache.zookeeper.metrics.impl.DefaultMetricsProvider (org.apache.zookeeper.server.quorum.QuorumPeerConfig)
[2024-07-02 23:33:43,904] INFO Starting server (org.apache.zookeeper.server.ZooKeeperServerMain)
[2024-07-02 23:33:43,913] INFO ServerMetrics initialized with provider org.apache.zookeeper.metrics.impl.DefaultMetricsProvider@7ce3cb8e (org.apache.zookeeper.server.ServerMetrics)
[2024-07-02 23:33:43,915] INFO ACL digest algorithm is: SHA1 (org.apache.zookeeper.server.auth.DigestAuthenticationProvider)
[2024-07-02 23:33:43,915] INFO zookeeper.DigestAuthenticationProvider.enabled = true (org.apache.zookeeper.server.auth.DigestAuthenticationProvider)
[2024-07-02 23:33:43,917] INFO zookeeper.snapshot.trust.empty : false (org.apache.zookeeper.server.persistence.FileTxnSnapLog)
[2024-07-02 23:33:43,922] INFO  (org.apache.zookeeper.server.ZooKeeperServer)
[2024-07-02 23:33:43,923] INFO   ______                  _                                           (org.apache.zookeeper.server.ZooKeeperServer)
[2024-07-02 23:33:43,923] INFO  |___  /                 | |                                          (org.apache.zookeeper.server.ZooKeeperServer)
[2024-07-02 23:33:43,923] INFO     / /    ___     ___   | | __   ___    ___   _ __     ___   _ __    (org.apache.zookeeper.server.ZooKeeperServer)
[2024-07-02 23:33:43,923] INFO    / /    / _ \   / _ \  | |/ /  / _ \  / _ \ | '_ \   / _ \ | '__| (org.apache.zookeeper.server.ZooKeeperServer)
[2024-07-02 23:33:43,923] INFO   / /__  | (_) | | (_) | |   <  |  __/ |  __/ | |_) | |  __/ | |     (org.apache.zookeeper.server.ZooKeeperServer)
[2024-07-02 23:33:43,923] INFO  /_____|  \___/   \___/  |_|\_\  \___|  \___| | .__/   \___| |_| (org.apache.zookeeper.server.ZooKeeperServer)
[2024-07-02 23:33:43,923] INFO                                               | |                      (org.apache.zookeeper.server.ZooKeeperServer)
[2024-07-02 23:33:43,923] INFO                                               |_|                      (org.apache.zookeeper.server.ZooKeeperServer)
[2024-07-02 23:33:43,923] INFO  (org.apache.zookeeper.server.ZooKeeperServer)
[2024-07-02 23:33:43,926] INFO Server environment:zookeeper.version=3.8.3-6ad6d364c7c0bcf0de452d54ebefa3058098ab56, built on 2023-10-05 10:34 UTC (org.apache.zookeeper.server.ZooKeeperServer)
[2024-07-02 23:33:43,926] INFO Server environment:host.name=Dzwiedziu (org.apache.zookeeper.server.ZooKeeperServer)
[2024-07-02 23:33:43,926] INFO Server environment:java.version=22.0.1 (org.apache.zookeeper.server.ZooKeeperServer)
[2024-07-02 23:33:43,927] INFO Server environment:java.vendor=Oracle Corporation (org.apache.zookeeper.server.ZooKeeperServer)
[2024-07-02 23:33:43,927] INFO Server environment:java.home=C:\Program Files\Java\jdk-22 (org.apache.zookeeper.server.ZooKeeperServer)
[2024-07-02 23:33:43,927] INFO Server environment:java.class.path=C:\tools\kafka_2.13-3.7.0\libs\activation-1.1.1.jar;C:\tools\kafka_2.13-3.7.0\libs\aopalliance-repackaged-2.6.1.jar;C:\tools\kafka_2.13-3.7.0\libs\argparse4j-0.7.0.jar;C:\tools\kafka_2.13-3.7.0\libs\audience-annotations-0.12.0.jar;C:\tools\kafka_2.13-3.7.0\libs\caffeine-2.9.3.jar;C:\tools\kafka_2.13-3.7.0\libs\checker-qual-3.19.0.jar;C:\tools\kafka_2.13-3.7.0\libs\commons-beanutils-1.9.4.jar;C:\tools\kafka_2.13-3.7.0\libs\commons-cli-1.4.jar;C:\tools\kafka_2.13-3.7.0\libs\commons-collections-3.2.2.jar;C:\tools\kafka_2.13-3.7.0\libs\commons-digester-2.1.jar;C:\tools\kafka_2.13-3.7.0\libs\commons-io-2.11.0.jar;C:\tools\kafka_2.13-3.7.0\libs\commons-lang3-3.8.1.jar;C:\tools\kafka_2.13-3.7.0\libs\commons-logging-1.2.jar;C:\tools\kafka_2.13-3.7.0\libs\commons-validator-1.7.jar;C:\tools\kafka_2.13-3.7.0\libs\connect-api-3.7.0.jar;C:\tools\kafka_2.13-3.7.0\libs\connect-basic-auth-extension-3.7.0.jar;C:\tools\kafka_2.13-3.7.0\libs\connect-file-3.7.0.jar;C:\tools\kafka_2.13-3.7.0\libs\connect-json-3.7.0.jar;C:\tools\kafka_2.13-3.7.0\libs\connect-mirror-3.7.0.jar;C:\tools\kafka_2.13-3.7.0\libs\connect-mirror-client-3.7.0.jar;C:\tools\kafka_2.13-3.7.0\libs\connect-runtime-3.7.0.jar;C:\tools\kafka_2.13-3.7.0\libs\connect-transforms-3.7.0.jar;C:\tools\kafka_2.13-3.7.0\libs\error_prone_annotations-2.10.0.jar;C:\tools\kafka_2.13-3.7.0\libs\hk2-api-2.6.1.jar;C:\tools\kafka_2.13-3.7.0\libs\hk2-locator-2.6.1.jar;C:\tools\kafka_2.13-3.7.0\libs\hk2-utils-2.6.1.jar;C:\tools\kafka_2.13-3.7.0\libs\jackson-annotations-2.16.0.jar;C:\tools\kafka_2.13-3.7.0\libs\jackson-core-2.16.0.jar;C:\tools\kafka_2.13-3.7.0\libs\jackson-databind-2.16.0.jar;C:\tools\kafka_2.13-3.7.0\libs\jackson-dataformat-csv-2.16.0.jar;C:\tools\kafka_2.13-3.7.0\libs\jackson-datatype-jdk8-2.16.0.jar;C:\tools\kafka_2.13-3.7.0\libs\jackson-jaxrs-base-2.16.0.jar;C:\tools\kafka_2.13-3.7.0\libs\jackson-jaxrs-json-provider-2.16.0.jar;C:\tools\kafka_2.13-3.7.0\libs\jackson-module-jaxb-annotations-2.16.0.jar;C:\tools\kafka_2.13-3.7.0\libs\jackson-module-scala_2.13-2.16.0.jar;C:\tools\kafka_2.13-3.7.0\libs\jakarta.activation-api-1.2.2.jar;C:\tools\kafka_2.13-3.7.0\libs\jakarta.annotation-api-1.3.5.jar;C:\tools\kafka_2.13-3.7.0\libs\jakarta.inject-2.6.1.jar;C:\tools\kafka_2.13-3.7.0\libs\jakarta.validation-api-2.0.2.jar;C:\tools\kafka_2.13-3.7.0\libs\jakarta.ws.rs-api-2.1.6.jar;C:\tools\kafka_2.13-3.7.0\libs\jakarta.xml.bind-api-2.3.3.jar;C:\tools\kafka_2.13-3.7.0\libs\javassist-3.29.2-GA.jar;C:\tools\kafka_2.13-3.7.0\libs\javax.activation-api-1.2.0.jar;C:\tools\kafka_2.13-3.7.0\libs\javax.annotation-api-1.3.2.jar;C:\tools\kafka_2.13-3.7.0\libs\javax.servlet-api-3.1.0.jar;C:\tools\kafka_2.13-3.7.0\libs\javax.ws.rs-api-2.1.1.jar;C:\tools\kafka_2.13-3.7.0\libs\jaxb-api-2.3.1.jar;C:\tools\kafka_2.13-3.7.0\libs\jersey-client-2.39.1.jar;C:\tools\kafka_2.13-3.7.0\libs\jersey-common-2.39.1.jar;C:\tools\kafka_2.13-3.7.0\libs\jersey-container-servlet-2.39.1.jar;C:\tools\kafka_2.13-3.7.0\libs\jersey-container-servlet-core-2.39.1.jar;C:\tools\kafka_2.13-3.7.0\libs\jersey-hk2-2.39.1.jar;C:\tools\kafka_2.13-3.7.0\libs\jersey-server-2.39.1.jar;C:\tools\kafka_2.13-3.7.0\libs\jetty-client-9.4.53.v20231009.jar;C:\tools\kafka_2.13-3.7.0\libs\jetty-continuation-9.4.53.v20231009.jar;C:\tools\kafka_2.13-3.7.0\libs\jetty-http-9.4.53.v20231009.jar;C:\tools\kafka_2.13-3.7.0\libs\jetty-io-9.4.53.v20231009.jar;C:\tools\kafka_2.13-3.7.0\libs\jetty-security-9.4.53.v20231009.jar;C:\tools\kafka_2.13-3.7.0\libs\jetty-server-9.4.53.v20231009.jar;C:\tools\kafka_2.13-3.7.0\libs\jetty-servlet-9.4.53.v20231009.jar;C:\tools\kafka_2.13-3.7.0\libs\jetty-servlets-9.4.53.v20231009.jar;C:\tools\kafka_2.13-3.7.0\libs\jetty-util-9.4.53.v20231009.jar;C:\tools\kafka_2.13-3.7.0\libs\jetty-util-ajax-9.4.53.v20231009.jar;C:\tools\kafka_2.13-3.7.0\libs\jline-3.22.0.jar;C:\tools\kafka_2.13-3.7.0\libs\jopt-simple-5.0.4.jar;C:\tools\kafka_2.13-3.7.0\libs\jose4j-0.9.4.jar;C:\tools\kafka_2.13-3.7.0\libs\jsr305-3.0.2.jar;C:\tools\kafka_2.13-3.7.0\libs\kafka-clients-3.7.0.jar;C:\tools\kafka_2.13-3.7.0\libs\kafka-group-coordinator-3.7.0.jar;C:\tools\kafka_2.13-3.7.0\libs\kafka-log4j-appender-3.7.0.jar;C:\tools\kafka_2.13-3.7.0\libs\kafka-metadata-3.7.0.jar;C:\tools\kafka_2.13-3.7.0\libs\kafka-raft-3.7.0.jar;C:\tools\kafka_2.13-3.7.0\libs\kafka-server-3.7.0.jar;C:\tools\kafka_2.13-3.7.0\libs\kafka-server-common-3.7.0.jar;C:\tools\kafka_2.13-3.7.0\libs\kafka-shell-3.7.0.jar;C:\tools\kafka_2.13-3.7.0\libs\kafka-storage-3.7.0.jar;C:\tools\kafka_2.13-3.7.0\libs\kafka-storage-api-3.7.0.jar;C:\tools\kafka_2.13-3.7.0\libs\kafka-streams-3.7.0.jar;C:\tools\kafka_2.13-3.7.0\libs\kafka-streams-examples-3.7.0.jar;C:\tools\kafka_2.13-3.7.0\libs\kafka-streams-scala_2.13-3.7.0.jar;C:\tools\kafka_2.13-3.7.0\libs\kafka-streams-test-utils-3.7.0.jar;C:\tools\kafka_2.13-3.7.0\libs\kafka-tools-3.7.0.jar;C:\tools\kafka_2.13-3.7.0\libs\kafka-tools-api-3.7.0.jar;C:\tools\kafka_2.13-3.7.0\libs\kafka_2.13-3.7.0.jar;C:\tools\kafka_2.13-3.7.0\libs\lz4-java-1.8.0.jar;C:\tools\kafka_2.13-3.7.0\libs\maven-artifact-3.8.8.jar;C:\tools\kafka_2.13-3.7.0\libs\metrics-core-2.2.0.jar;C:\tools\kafka_2.13-3.7.0\libs\metrics-core-4.1.12.1.jar;C:\tools\kafka_2.13-3.7.0\libs\netty-buffer-4.1.100.Final.jar;C:\tools\kafka_2.13-3.7.0\libs\netty-codec-4.1.100.Final.jar;C:\tools\kafka_2.13-3.7.0\libs\netty-common-4.1.100.Final.jar;C:\tools\kafka_2.13-3.7.0\libs\netty-handler-4.1.100.Final.jar;C:\tools\kafka_2.13-3.7.0\libs\netty-resolver-4.1.100.Final.jar;C:\tools\kafka_2.13-3.7.0\libs\netty-transport-4.1.100.Final.jar;C:\tools\kafka_2.13-3.7.0\libs\netty-transport-classes-epoll-4.1.100.Final.jar;C:\tools\kafka_2.13-3.7.0\libs\netty-transport-native-epoll-4.1.100.Final.jar;C:\tools\kafka_2.13-3.7.0\libs\netty-transport-native-unix-common-4.1.100.Final.jar;C:\tools\kafka_2.13-3.7.0\libs\opentelemetry-proto-1.0.0-alpha.jar;C:\tools\kafka_2.13-3.7.0\libs\osgi-resource-locator-1.0.3.jar;C:\tools\kafka_2.13-3.7.0\libs\paranamer-2.8.jar;C:\tools\kafka_2.13-3.7.0\libs\pcollections-4.0.1.jar;C:\tools\kafka_2.13-3.7.0\libs\plexus-utils-3.3.1.jar;C:\tools\kafka_2.13-3.7.0\libs\protobuf-java-3.23.4.jar;C:\tools\kafka_2.13-3.7.0\libs\reflections-0.10.2.jar;C:\tools\kafka_2.13-3.7.0\libs\reload4j-1.2.25.jar;C:\tools\kafka_2.13-3.7.0\libs\rocksdbjni-7.9.2.jar;C:\tools\kafka_2.13-3.7.0\libs\scala-collection-compat_2.13-2.10.0.jar;C:\tools\kafka_2.13-3.7.0\libs\scala-java8-compat_2.13-1.0.2.jar;C:\tools\kafka_2.13-3.7.0\libs\scala-library-2.13.12.jar;C:\tools\kafka_2.13-3.7.0\libs\scala-logging_2.13-3.9.4.jar;C:\tools\kafka_2.13-3.7.0\libs\scala-reflect-2.13.12.jar;C:\tools\kafka_2.13-3.7.0\libs\slf4j-api-1.7.36.jar;C:\tools\kafka_2.13-3.7.0\libs\slf4j-reload4j-1.7.36.jar;C:\tools\kafka_2.13-3.7.0\libs\snappy-java-1.1.10.5.jar;C:\tools\kafka_2.13-3.7.0\libs\swagger-annotations-2.2.8.jar;C:\tools\kafka_2.13-3.7.0\libs\trogdor-3.7.0.jar;C:\tools\kafka_2.13-3.7.0\libs\zookeeper-3.8.3.jar;C:\tools\kafka_2.13-3.7.0\libs\zookeeper-jute-3.8.3.jar;C:\tools\kafka_2.13-3.7.0\libs\zstd-jni-1.5.5-6.jar (org.apache.zookeeper.server.ZooKeeperServer)
[2024-07-02 23:33:43,927] INFO Server environment:java.library.path=C:\Program Files\Java\jdk-22\bin;C:\Windows\Sun\Java\bin;C:\Windows\system32;C:\Windows;C:\Program Files\Common Files\Oracle\Java\javapath;C:\Program Files (x86)\Common Files\Oracle\Java\java8path;C:\Program Files (x86)\Common Files\Oracle\Java\javapath;C:\Windows\system32;C:\Windows;C:\Windows\System32\Wbem;C:\Windows\System32\WindowsPowerShell\v1.0\;C:\Windows\System32\OpenSSH\;C:\Program Files\Microsoft SQL Server\150\Tools\Binn\;C:\Program Files\Microsoft SQL Server\Client SDK\ODBC\170\Tools\Binn\;C:\Program Files\dotnet\;C:\Users\niedz\AppData\Local\Microsoft\WindowsApps;C:\Users\niedz\.dotnet\tools;. (org.apache.zookeeper.server.ZooKeeperServer)
[2024-07-02 23:33:43,928] INFO Server environment:java.io.tmpdir=C:\Users\niedz\AppData\Local\Temp\ (org.apache.zookeeper.server.ZooKeeperServer)
[2024-07-02 23:33:43,928] INFO Server environment:java.compiler=<NA> (org.apache.zookeeper.server.ZooKeeperServer)
[2024-07-02 23:33:43,928] INFO Server environment:os.name=Windows 11 (org.apache.zookeeper.server.ZooKeeperServer)
[2024-07-02 23:33:43,928] INFO Server environment:os.arch=amd64 (org.apache.zookeeper.server.ZooKeeperServer)
[2024-07-02 23:33:43,928] INFO Server environment:os.version=10.0 (org.apache.zookeeper.server.ZooKeeperServer)
[2024-07-02 23:33:43,928] INFO Server environment:user.name=niedz (org.apache.zookeeper.server.ZooKeeperServer)
[2024-07-02 23:33:43,928] INFO Server environment:user.home=C:\Users\niedz (org.apache.zookeeper.server.ZooKeeperServer)
[2024-07-02 23:33:43,928] INFO Server environment:user.dir=C:\tools\kafka_2.13-3.7.0\START (org.apache.zookeeper.server.ZooKeeperServer)
[2024-07-02 23:33:43,928] INFO Server environment:os.memory.free=488MB (org.apache.zookeeper.server.ZooKeeperServer)
[2024-07-02 23:33:43,928] INFO Server environment:os.memory.max=512MB (org.apache.zookeeper.server.ZooKeeperServer)
[2024-07-02 23:33:43,928] INFO Server environment:os.memory.total=512MB (org.apache.zookeeper.server.ZooKeeperServer)
[2024-07-02 23:33:43,928] INFO zookeeper.enableEagerACLCheck = false (org.apache.zookeeper.server.ZooKeeperServer)
[2024-07-02 23:33:43,928] INFO zookeeper.digest.enabled = true (org.apache.zookeeper.server.ZooKeeperServer)
[2024-07-02 23:33:43,929] INFO zookeeper.closeSessionTxn.enabled = true (org.apache.zookeeper.server.ZooKeeperServer)
[2024-07-02 23:33:43,929] INFO zookeeper.flushDelay = 0 ms (org.apache.zookeeper.server.ZooKeeperServer)
[2024-07-02 23:33:43,929] INFO zookeeper.maxWriteQueuePollTime = 0 ms (org.apache.zookeeper.server.ZooKeeperServer)
[2024-07-02 23:33:43,929] INFO zookeeper.maxBatchSize=1000 (org.apache.zookeeper.server.ZooKeeperServer)
[2024-07-02 23:33:43,929] INFO zookeeper.intBufferStartingSizeBytes = 1024 (org.apache.zookeeper.server.ZooKeeperServer)
[2024-07-02 23:33:43,930] INFO Weighed connection throttling is disabled (org.apache.zookeeper.server.BlueThrottle)
[2024-07-02 23:33:43,931] INFO minSessionTimeout set to 6000 ms (org.apache.zookeeper.server.ZooKeeperServer)
[2024-07-02 23:33:43,931] INFO maxSessionTimeout set to 60000 ms (org.apache.zookeeper.server.ZooKeeperServer)
[2024-07-02 23:33:43,932] INFO getData response cache size is initialized with value 400. (org.apache.zookeeper.server.ResponseCache)
[2024-07-02 23:33:43,932] INFO getChildren response cache size is initialized with value 400. (org.apache.zookeeper.server.ResponseCache)
[2024-07-02 23:33:43,932] INFO zookeeper.pathStats.slotCapacity = 60 (org.apache.zookeeper.server.util.RequestPathMetricsCollector)
[2024-07-02 23:33:43,932] INFO zookeeper.pathStats.slotDuration = 15 (org.apache.zookeeper.server.util.RequestPathMetricsCollector)
[2024-07-02 23:33:43,932] INFO zookeeper.pathStats.maxDepth = 6 (org.apache.zookeeper.server.util.RequestPathMetricsCollector)
[2024-07-02 23:33:43,933] INFO zookeeper.pathStats.initialDelay = 5 (org.apache.zookeeper.server.util.RequestPathMetricsCollector)
[2024-07-02 23:33:43,933] INFO zookeeper.pathStats.delay = 5 (org.apache.zookeeper.server.util.RequestPathMetricsCollector)
[2024-07-02 23:33:43,933] INFO zookeeper.pathStats.enabled = false (org.apache.zookeeper.server.util.RequestPathMetricsCollector)
[2024-07-02 23:33:43,935] INFO The max bytes for all large requests are set to 104857600 (org.apache.zookeeper.server.ZooKeeperServer)
[2024-07-02 23:33:43,935] INFO The large request threshold is set to -1 (org.apache.zookeeper.server.ZooKeeperServer)
[2024-07-02 23:33:43,935] INFO zookeeper.enforce.auth.enabled = false (org.apache.zookeeper.server.AuthenticationHelper)
[2024-07-02 23:33:43,935] INFO zookeeper.enforce.auth.schemes = [] (org.apache.zookeeper.server.AuthenticationHelper)
[2024-07-02 23:33:43,935] INFO Created server with tickTime 3000 ms minSessionTimeout 6000 ms maxSessionTimeout 60000 ms clientPortListenBacklog -1 datadir C:\User\niedz\Desktop\data\zookeeper\version-2 snapdir C:\User\niedz\Desktop\data\zookeeper\version-2 (org.apache.zookeeper.server.ZooKeeperServer)
[2024-07-02 23:33:43,939] INFO Using org.apache.zookeeper.server.NIOServerCnxnFactory as server connection factory (org.apache.zookeeper.server.ServerCnxnFactory)
[2024-07-02 23:33:43,939] WARN maxCnxns is not configured, using default value 0. (org.apache.zookeeper.server.ServerCnxnFactory)
[2024-07-02 23:33:43,940] INFO Configuring NIO connection handler with 10s sessionless connection timeout, 2 selector thread(s), 32 worker threads, and 64 kB direct buffers. (org.apache.zookeeper.server.NIOServerCnxnFactory)
[2024-07-02 23:33:43,971] INFO binding to port 0.0.0.0/0.0.0.0:2181 (org.apache.zookeeper.server.NIOServerCnxnFactory)
[2024-07-02 23:33:43,981] INFO Using org.apache.zookeeper.server.watch.WatchManager as watch manager (org.apache.zookeeper.server.watch.WatchManagerFactory)
[2024-07-02 23:33:43,981] INFO Using org.apache.zookeeper.server.watch.WatchManager as watch manager (org.apache.zookeeper.server.watch.WatchManagerFactory)
[2024-07-02 23:33:43,981] INFO zookeeper.snapshotSizeFactor = 0.33 (org.apache.zookeeper.server.ZKDatabase)
[2024-07-02 23:33:43,981] INFO zookeeper.commitLogCount=500 (org.apache.zookeeper.server.ZKDatabase)
[2024-07-02 23:33:43,984] INFO zookeeper.snapshot.compression.method = CHECKED (org.apache.zookeeper.server.persistence.SnapStream)
[2024-07-02 23:33:43,989] INFO Reading snapshot C:\User\niedz\Desktop\data\zookeeper\version-2\snapshot.c0 (org.apache.zookeeper.server.persistence.FileSnap)
[2024-07-02 23:33:43,994] INFO The digest value is empty in snapshot (org.apache.zookeeper.server.DataTree)
[2024-07-02 23:33:43,998] INFO Snapshot loaded in 16 ms, highest zxid is 0xc0, digest is 305700009841 (org.apache.zookeeper.server.ZKDatabase)
[2024-07-02 23:33:43,998] INFO Snapshotting: 0xc0 to C:\User\niedz\Desktop\data\zookeeper\version-2\snapshot.c0 (org.apache.zookeeper.server.persistence.FileTxnSnapLog)
[2024-07-02 23:33:44,002] INFO Snapshot taken in 4 ms (org.apache.zookeeper.server.ZooKeeperServer)
[2024-07-02 23:33:44,007] INFO PrepRequestProcessor (sid:0) started, reconfigEnabled=false (org.apache.zookeeper.server.PrepRequestProcessor)
[2024-07-02 23:33:44,007] INFO zookeeper.request_throttler.shutdownTimeout = 10000 ms (org.apache.zookeeper.server.RequestThrottler)
[2024-07-02 23:33:44,018] INFO Using checkIntervalMs=60000 maxPerMinute=10000 maxNeverUsedIntervalMs=0 (org.apache.zookeeper.server.ContainerManager)
[2024-07-02 23:33:44,018] INFO ZooKeeper audit is disabled. (org.apache.zookeeper.audit.ZKAuditProvider)
